2018-10-24 04:08:43 [scrapy] DEBUG: Crawled (200) <GET https://www.tokopedia.com/robots.txt> (referer: None)
2018-10-24 04:08:43 [scrapy] DEBUG: Crawled (200) <GET https://www.tokopedia.com/chocoapple/new-iphone-xs-max-64gb-gold-garansi-apple-1-tahun?trkid=f=Ca0000L000P0W0S0Sh00Co0Po0Fr0Cb0_src=other-product_page=1_ob=32_q=_po=3_catid=24> (referer: None)
2018-10-24 04:08:43 [scrapy] DEBUG: Scraped from <200 https://www.tokopedia.com/chocoapple/new-iphone-xs-max-64gb-gold-garansi-apple-1-tahun?trkid=f=Ca0000L000P0W0S0Sh00Co0Po0Fr0Cb0_src=other-product_page=1_ob=32_q=_po=3_catid=24>
{'price': [u'19300000'], 'description': [u'<div id="info" class="tab-pane fade product-summary__content in active" itemprop="description">\n                                KENAPA HARUS BELI SAMA Choco Apple?<br>1. TRUSTED SELLER<br>bukan cuma seller musiman yang setelah barang jualannya laku trus menghilang entah kemana.<br>2. BARANG DIJAMIN BRAND NEW IN BOX + SEGEL<br>3. MENERIMA TRANSAKSI VIA TOKOPEDIA<br>4. CLAIM GARANSI KAMI BANTU<br><br>**** BACA INI SEBELUM MEMBELI ****<br>- Barang Asli dari Apple Store<br>- Barang New BNIB SEGEL<br>- iPhone Factory unlock (FU), bisa semua simcard indo<br>- Warranty Apple 1 Tahun, Bisa bantu Claim garansi<br><br><br>FOR FAST RESPONSE, PLEASE CONTACT:<br>CALL/SMS: 085711701166/081213259458<br>NO PIN BB / TIDAK MEMAKAI BBM<br>NO LINE<br>NO WA\n                            </div>'], 'image': [u'https://ecs7.tokopedia.net/img/cache/700/product-1/2018/9/22/5138814/5138814_7e7f941b-f6dc-4b15-9f32-50f692c91a24_559_700.jpg', u'https://ecs7.tokopedia.net/img/cache/700/product-1/2018/9/22/5138814/5138814_e6f8f738-8a3a-4204-8cbb-b5dcaaa724f1_903_700.jpg', u'https://ecs7.tokopedia.net/img/cache/700/product-1/2018/9/22/5138814/5138814_5fa8fc0a-321d-4122-873d-f8cf5e33284d_565_700.jpg'], 'title': [u'NEW iPhone XS Max 64GB Gold Garansi Apple 1 Tahun']}
2018-10-24 04:08:43 [scrapy] INFO: Closing spider (finished)
2018-10-24 04:08:43 [scrapy] INFO: Dumping Scrapy stats:
{'downloader/request_bytes': 591,
 'downloader/request_count': 2,
 'downloader/request_method_count/GET': 2,
 'downloader/response_bytes': 28246,
 'downloader/response_count': 2,
 'downloader/response_status_count/200': 2,
 'finish_reason': 'finished',
 'finish_time': datetime.datetime(2018, 10, 23, 21, 8, 43, 899874),
 'item_scraped_count': 1,
 'log_count/DEBUG': 3,
 'log_count/INFO': 6,
 'memusage/max': 55222272,
 'memusage/startup': 55222272,
 'response_received_count': 2,
 'scheduler/dequeued': 1,
 'scheduler/dequeued/memory': 1,
 'scheduler/enqueued': 1,
 'scheduler/enqueued/memory': 1,
 'start_time': datetime.datetime(2018, 10, 23, 21, 8, 43, 202743)}
2018-10-24 04:08:43 [scrapy] INFO: Spider closed (finished)
