2018-10-23 07:36:48 [scrapy] DEBUG: Crawled (200) <GET https://www.tokopedia.com/robots.txt> (referer: None)
2018-10-23 07:36:48 [scrapy] DEBUG: Crawled (200) <GET https://www.tokopedia.com/akmall/xiaomi-mi-band-3-chinese-standard-version-black?src=topads> (referer: None)
2018-10-23 07:36:48 [scrapy] DEBUG: Scraped from <200 https://www.tokopedia.com/akmall/xiaomi-mi-band-3-chinese-standard-version-black?src=topads>
{'price': [u'439000'], 'description': [u'<div id="info" class="tab-pane fade product-summary__content in active" itemprop="description">\n                                Specifications<br><br>Display Technology <br>Screen Type: OLED<br>Operating Mode: Touch Screen<br>Size: 0.78 inch <br>Resolution: 128 x 80<br><br>Battery Type<br>Lithium Polymer Battery<br>Battery Capacity 110mAh <br>Standby Time: 20 days<br>Charging Time: About 2 hours<br><br>Dimension<br>Dial Size: 3.2 x 1.79 x 1.2 cm<br>Band Size: 24.7 cm<br>Wearable Length: 155 - 216 mm<br><br>Others<br>Bluetooth Version: Bluetooth 4.2 <br>IP Rating: 5ATM <br>Compatability: Android 4.4 / iOS 9.0 and above systems <br>Case material: ABS, Plastic<br>Band material: TPU, TPE<br><br>Xiaomi Mi Band 3 Chinese Standard Version - Black<br><br>Garansi 1 Bulan<br>* Mi Band 3 ini versi standard, bukan versi NFC.<br><br>Fitness Tracker teranyar dari Xiaomi kini mengeluarkan lini produk terbarunya yaitu melalui Mi Band 3. Hadir dengan desain yang makin apik dan lebih modern, tidak hanya itu kini Mi Band 3 menggunakan teknologi layar OLED dan juga Touch Screen sehingga segala informasi baik itu jam, notifikasi, fitness tracker, heart rate dan banyak fitur lainnya dapat Anda akses dengan lebih mudah.<br><br>Features<br><br>-50 Meter Waterproof<br>Xiaomi Mi Band 3 telah mendesain perangkatnya agar tahan terhadap air hingga tekanan 50 meter. Dengan fitur ini maka Anda dapat menggunakan Mi Band 3 sambil berenang dan juga mandi.<br><br>-0.78 Inch OLED Touch Screen<br>Lupakan betapa susahnya menggunakan Mi Band 1 dan Mi Band 2 karena keterbatasan tombol sehingga navigasi menu-menu fitur sangat sulit diakses. Kini Mi Band 3 telah dilengkapi dengan layar OLED Touch Screen sehingga navigasi antar menu-menu fitur dapat Anda akses dengan lebih gampang. Tidak hanya itu, layar OLED dengan luas 0.78 inch ini sangat mumpini untuk menampilkan banyak informasi secara bersamaan.<br><br>- Raise Wrist to Wake Up The Screen<br>- Pedometer / Sleep Monitoring / Sedentary Reminder<br>- Real-time Data<br>- Long Standby Time<br>- Notification Display &amp; Reject Phone Calls<br>- MiFit Apps<br><br>Package Contents<br>1 x Xiaomi Mi Band 3<br>1 x USB Cable<br>1 x User Manual\n                            </div>'], 'image': [u'https://ecs7.tokopedia.net/img/cache/700/product-1/2018/9/4/21466800/21466800_b7b54e55-6f1f-4c88-b9e1-17ed031231a9_700_700.jpg', u'https://ecs7.tokopedia.net/img/cache/700/product-1/2018/9/4/21466800/21466800_3009b4bf-d5e5-43f2-b4f2-d2820e57696b_700_700.jpg', u'https://ecs7.tokopedia.net/img/cache/700/product-1/2018/9/4/21466800/21466800_23f28821-a48e-4af8-8139-770e97be5849_700_700.jpg', u'https://ecs7.tokopedia.net/img/cache/700/product-1/2018/9/4/21466800/21466800_c0f25163-adc7-4484-b9e0-ce54d7841a38_700_700.jpg', u'https://ecs7.tokopedia.net/img/cache/700/product-1/2018/9/4/21466800/21466800_58d17480-3d4a-4c2a-933d-f416ea5d566a_700_700.jpg'], 'title': [u'Xiaomi Mi Band 3 Chinese Standard Version - Black']}
2018-10-23 07:36:48 [scrapy] INFO: Closing spider (finished)
2018-10-23 07:36:48 [scrapy] INFO: Dumping Scrapy stats:
{'downloader/request_bytes': 507,
 'downloader/request_count': 2,
 'downloader/request_method_count/GET': 2,
 'downloader/response_bytes': 29243,
 'downloader/response_count': 2,
 'downloader/response_status_count/200': 2,
 'finish_reason': 'finished',
 'finish_time': datetime.datetime(2018, 10, 23, 0, 36, 48, 832970),
 'item_scraped_count': 1,
 'log_count/DEBUG': 3,
 'log_count/INFO': 6,
 'memusage/max': 51179520,
 'memusage/startup': 51179520,
 'response_received_count': 2,
 'scheduler/dequeued': 1,
 'scheduler/dequeued/memory': 1,
 'scheduler/enqueued': 1,
 'scheduler/enqueued/memory': 1,
 'start_time': datetime.datetime(2018, 10, 23, 0, 36, 48, 149446)}
2018-10-23 07:36:48 [scrapy] INFO: Spider closed (finished)
