2018-10-24 08:06:22 [scrapy] DEBUG: Crawled (200) <GET https://www.tokopedia.com/robots.txt> (referer: None)
2018-10-24 08:06:23 [scrapy] DEBUG: Crawled (200) <GET https://www.tokopedia.com/evercoss/evercoss-winner-tab-v-lite-black> (referer: None)
2018-10-24 08:06:23 [scrapy] DEBUG: Scraped from <200 https://www.tokopedia.com/evercoss/evercoss-winner-tab-v-lite-black>
{'price': [u'695000'], 'description': [u'<div id="info" class="tab-pane fade product-summary__content in active" itemprop="description">\n                                Specifications<br>GENERAL<br>Releases\t<br>Type\tAT8L<br>Operating System\tAndroid 6.0 Marshmallow<br>SIM\tDual sim<br>DISPLAY<br>Screen Type\tWXGA<br>Screen Resolution\t768 x 1024 Pixels<br>Screen Size\t7.9 Inch<br>HARDWARE<br>CPU\tQuad Core 1.3 GHz<br>RAM\t512 MB<br>Internal Memory\t4 GB<br>Eksternal Memory\tmmc up to 16 GB<br>Battery\t3600 mAh<br>DESIGN<br>Dimension\t201mm*140mm*10.5 mm<br>Weight\t400gr<br>Color\tBlack, White<br>CAMERA<br>Back Camera\t3.0 MP<br>Front Camera\t1.3 MP<br>OTHER<br>Network\tGPRS/GSM/3G/HSDPA<br>Connectivity\tBluetooth, Wifi<br>Sensor\tGPS, 3D Gravity Sensor<br>Features\tVideo Chat/Call, Gesture Smart Access<br>Free Item\n                            </div>'], 'image': [u'https://ecs7.tokopedia.net/img/cache/700/product-1/2018/1/23/14120311/14120311_277262e7-effc-45ec-ba26-617831191393_1950_1950.png', u'https://ecs7.tokopedia.net/img/cache/700/product-1/2018/1/23/14120311/14120311_0b7a2e05-4981-4c3d-8771-8d0717857908_1950_1950.png', u'https://ecs7.tokopedia.net/img/cache/700/product-1/2018/1/23/14120311/14120311_67edc830-e10d-4dcb-afaa-629d2167757c_1950_1950.png'], 'title': [u'Evercoss Winner Tab V Lite - Black']}
2018-10-24 08:06:23 [scrapy] INFO: Closing spider (finished)
2018-10-24 08:06:23 [scrapy] INFO: Dumping Scrapy stats:
{'downloader/request_bytes': 483,
 'downloader/request_count': 2,
 'downloader/request_method_count/GET': 2,
 'downloader/response_bytes': 28957,
 'downloader/response_count': 2,
 'downloader/response_status_count/200': 2,
 'finish_reason': 'finished',
 'finish_time': datetime.datetime(2018, 10, 24, 1, 6, 23, 708459),
 'item_scraped_count': 1,
 'log_count/DEBUG': 3,
 'log_count/INFO': 6,
 'memusage/max': 63598592,
 'memusage/startup': 63598592,
 'response_received_count': 2,
 'scheduler/dequeued': 1,
 'scheduler/dequeued/memory': 1,
 'scheduler/enqueued': 1,
 'scheduler/enqueued/memory': 1,
 'start_time': datetime.datetime(2018, 10, 24, 1, 6, 22, 520706)}
2018-10-24 08:06:23 [scrapy] INFO: Spider closed (finished)
