2018-10-24 04:56:55 [scrapy] DEBUG: Crawled (200) <GET https://www.tokopedia.com/robots.txt> (referer: None)
2018-10-24 04:56:55 [scrapy] DEBUG: Crawled (200) <GET https://www.tokopedia.com/chachagadget/amazon-7th-gen-kindle-paperwhite-ebook-reader-300ppi-no-ads-black> (referer: None)
2018-10-24 04:56:55 [scrapy] DEBUG: Scraped from <200 https://www.tokopedia.com/chachagadget/amazon-7th-gen-kindle-paperwhite-ebook-reader-300ppi-no-ads-black>
{'price': [u'2400000'], 'description': [u'<div id="info" class="tab-pane fade product-summary__content in active" itemprop="description">\n                                Amazon 7th Gen Kindle, 3rd Gen Paperwhite,, Brand New Sealed in Box, No Ads, WIFI, 4GB, Black<br><br><a rel="nofollow noopener noreferrer" target="_blank" href="https://tkp.me/r?url=http://www.amazon.com/dp/B00OQVZDJM">http://www\u2022amazon\u2022com/dp/B00OQVZDJM</a><br><br>* Warranty: 1 tahun dari Amazon dan kami tanggung jawab semua biaya. Karena claim warranty ke Amazon tidak segitu gampang. Wajib alamat di USA untuk kirim replacementnya, perlu kartu kredit dan walaupun ada alamat di US, kiriman ke Indonesia akan kena pajak bea cukai. <br><br>FREE: GRATIS eBook (Ribuan buku sekitar 3 GB+). Caranya setelah terima alat Kindlenya dan check semua sudah okay, message kami dengan alamat email Anda. Kami akan kirim link-nya. <br><br>Features:<br>- Ads FREE (No Advertisement on bottom home screen and screensaver)<br>- Higher resolution display (300 ppi)--now with twice as many pixels<br>- Now with Bookerly, our exclusive font, hand-crafted from the ground up for faster reading with less eyestrain<br>- Built-in adjustable light--read day and night<br>- Unlike tablets, no screen glare, even in bright sunlight<br>- A single battery charge lasts weeks, not hours<br> - From ChaCha Gadget<br>- Massive selection, lowest prices--over a million titles at $2.99 or less<br>- Lighter than a paperback, holds thousands of books<br>- Exclusive features help build your vocabulary, learn about characters, and connect with like-minded readers--all without leaving the page<br>- Try Kindle Unlimited free for 30 days--choose from over 1 million titles<br><br>FAQ:<br>1. Apa perbedaan utama antara Kindle dan Kindle Paperwhite<br>A: Perbedaan utama adalah Layar dan Backlight. Layar Kindle mengunnakan 167ppi, sementara Paperback mengunnakan 300ppi. Kindle tidak ada Backlight, Kindle Paperwhite menggunakan 4 LED backlight.\n                            </div>'], 'image': [u'https://ecs7.tokopedia.net/img/cache/700/product-1/2017/2/20/145011065/145011065_f3a48e96-dced-4ec0-9c73-f2ad5e489522_871_1024.jpg', u'https://ecs7.tokopedia.net/img/cache/700/product-1/2016/6/2/45117591/45117591_9652b3b6-8aab-4d82-b4c2-a316f445bfc5.jpg', u'https://ecs7.tokopedia.net/img/cache/700/product-1/2016/6/30/45117591/45117591_c8d6eaf4-5a52-4f1d-b066-82f44ef92d5b.jpg', u'https://ecs7.tokopedia.net/img/cache/700/product-1/2016/5/23/7671572/7671572_90e4c341-4164-4405-9722-d76043a6ba33.jpg'], 'title': [u'Amazon 7th Gen Kindle Paperwhite eBook Reader 300ppi No Ads Black']}
2018-10-24 04:56:55 [scrapy] INFO: Closing spider (finished)
2018-10-24 04:56:55 [scrapy] INFO: Dumping Scrapy stats:
{'downloader/request_bytes': 520,
 'downloader/request_count': 2,
 'downloader/request_method_count/GET': 2,
 'downloader/response_bytes': 30401,
 'downloader/response_count': 2,
 'downloader/response_status_count/200': 2,
 'finish_reason': 'finished',
 'finish_time': datetime.datetime(2018, 10, 23, 21, 56, 55, 707463),
 'item_scraped_count': 1,
 'log_count/DEBUG': 3,
 'log_count/INFO': 6,
 'memusage/max': 63598592,
 'memusage/startup': 63598592,
 'response_received_count': 2,
 'scheduler/dequeued': 1,
 'scheduler/dequeued/memory': 1,
 'scheduler/enqueued': 1,
 'scheduler/enqueued/memory': 1,
 'start_time': datetime.datetime(2018, 10, 23, 21, 56, 55, 35963)}
2018-10-24 04:56:55 [scrapy] INFO: Spider closed (finished)
