2018-10-23 10:02:08 [scrapy] DEBUG: Crawled (200) <GET https://htmlstream.com/robots.txt> (referer: None)
2018-10-23 10:02:12 [scrapy] DEBUG: Crawled (200) <GET https://htmlstream.com/preview/unify-v2.6/unify-main/shortcodes/forms/shortcode-base-forms-bootstrap.html> (referer: None)
2018-10-23 10:02:12 [scrapy] DEBUG: Scraped from <200 https://htmlstream.com/preview/unify-v2.6/unify-main/shortcodes/forms/shortcode-base-forms-bootstrap.html>
{'price': [], 'description': [], 'image': [], 'title': []}
2018-10-23 10:02:12 [scrapy] INFO: Closing spider (finished)
2018-10-23 10:02:12 [scrapy] INFO: Dumping Scrapy stats:
{'downloader/request_bytes': 518,
 'downloader/request_count': 2,
 'downloader/request_method_count/GET': 2,
 'downloader/response_bytes': 22365,
 'downloader/response_count': 2,
 'downloader/response_status_count/200': 2,
 'finish_reason': 'finished',
 'finish_time': datetime.datetime(2018, 10, 23, 3, 2, 12, 228682),
 'item_scraped_count': 1,
 'log_count/DEBUG': 3,
 'log_count/INFO': 6,
 'memusage/max': 63619072,
 'memusage/startup': 63619072,
 'response_received_count': 2,
 'scheduler/dequeued': 1,
 'scheduler/dequeued/memory': 1,
 'scheduler/enqueued': 1,
 'scheduler/enqueued/memory': 1,
 'start_time': datetime.datetime(2018, 10, 23, 3, 2, 1, 6735)}
2018-10-23 10:02:12 [scrapy] INFO: Spider closed (finished)
