2018-10-20 14:37:50 [scrapy] DEBUG: Crawled (200) <GET https://www.tokopedia.com/robots.txt> (referer: None)
2018-10-20 14:37:50 [scrapy] DEBUG: Crawled (200) <GET https://www.tokopedia.com/dastechnology/laptop-notebook-lenovo-yoga-260-20fea000id-win-10-pro-i5-6200u?trkid=f=Ca288L000P1W0S0Sh00Co0Po0Fr0Cb0_src=hot-product_page=1_ob=24_q=laptop%20lenovo%20yoga%20260_po=1_catid=289> (referer: None)
2018-10-20 14:37:50 [scrapy] DEBUG: Scraped from <200 https://www.tokopedia.com/dastechnology/laptop-notebook-lenovo-yoga-260-20fea000id-win-10-pro-i5-6200u?trkid=f=Ca288L000P1W0S0Sh00Co0Po0Fr0Cb0_src=hot-product_page=1_ob=24_q=laptop%20lenovo%20yoga%20260_po=1_catid=289>
{'price': [u'18605000'], 'description': [u'<div id="info" class="tab-pane fade product-summary__content in active" itemprop="description">\n                                Laptop / Notebook Lenovo Yoga 260 20FEA000ID - Win 10 Pro, i5-6200U<br><br>Spesifikasi:<br>TP Yoga 260-0ID<br>Intel Core i5-6200U (Up to 2.8Ghz, 3MB Cache)<br>12.5" FHD (1920 x 1080) Touch Black NoWW KYB (Backlit) US English<br>Anti Glare Coating<br>Intel HD Graphics 520<br>4GB DDR4 2133 SoDIMM<br>192GB SSD SATA M.2<br>Wireless Intel 8260(2x2 AC)<br>BT4.1<br>720p HD webcam<br>2x USB 3.0<br>Mini display port<br>HDMI<br>17.8 Millimeters Thin<br>Weight 1.3 Kg<br>Finger print<br>Thinkpad Pen<br>4 Cell Battery<br>1 Year Warranty (Part &amp; Labour)<br>Windows 10 Pro 64 Bit<br><br><br>--<br>Terima kasih banyak Anda telah berkenan mengunjungi toko kami:D<br>Sukses &amp; Sehat selalu yah untuk Anda:D<br><br>Hormat kami,<br>Das Technology<br>Your Best Tech Partner &amp; Solution Center - Authorized Master Dealer<br>Mangga 2 Mall, Lt. 3 No. 45, Lt. 2 No. 9B &amp; Lt. 4 No. A11<br>Orion Dusit Mangga Dua, Lt. 2 No. 7<br>ITC Mangga Dua, Lt. Dasar No. E1/43<br>Telp: (021) 6597574 / 6122727<br>WA: 085945137592 / 0216597574<br>IG: @Das_Tech (Follow for Giveaways &amp; Promo - More info at our IG :D)<br>E: <a rel="nofollow noopener noreferrer" target="_blank" href="https://tkp.me/r?url=http://The.dastechnology@gmail.com">The\u2022dastechnology@gmail\u2022com</a><br><a rel="nofollow noopener noreferrer" target="_blank" href="https://tkp.me/r?url=http://www.TheDasTech.com">www\u2022TheDasTech\u2022com</a><br>Jam Kerja: 10.30-17.30 (Pengiriman hari yang sama &lt; jam 15.30)<br>Silahkan datang berkunjung ke toko kami yah :D<br>- More Products: <a rel="nofollow" target="_blank" href="https://www.tokopedia.com/dastechnology">www.tokopedia.com/dastechnology</a> (Favoritkan kami yah :D)<br><br>NB: <br>1.\tHubungi kami via fitur Diskusi Produk Tokopedia untuk respons tercepat :D <br>2.\tSilahkan Hubungi kami untuk pertanyaan &amp; bantuan seputar produk / pengiriman :D<br>3.\tCantumkan permintaan seperti: Warna, Jenis, Waktu, Dll di kolom keterangan pembelian :D<br>4.\tKami merupakan Master Dealer Resmi sehingga seluruh produk yang kami jual dijamin Original :D <br>5.\tBarang yang kami pajang hampir seluruhnya Ready &amp; siap dipesan :D<br><br>- More Info: <a rel="nofollow" target="_blank" href="https://www.tokopedia.com/dastechnology/note/684845/kepuasan-anda-adalah-hal-yang-terpenting-bagi-kami-klik-untuk-informasi-d">www.tokopedia.com/dastechnology/note/684845/kepuasan-anda-adalah-hal-yang-terpenting-bagi-kami-klik-untuk-informasi-d</a>\n                            </div>'], 'image': [u'https://ecs7.tokopedia.net/img/cache/700/product-1/2018/5/2/23016628/23016628_e5e67393-34d1-428c-9c77-76151f03f59d_700_700.png', u'https://ecs7.tokopedia.net/img/cache/700/product-1/2018/5/2/23016628/23016628_05d8d386-0e81-49f0-9cbf-21d860853508_511_448.jpg', u'https://ecs7.tokopedia.net/img/cache/700/product-1/2018/5/2/23016628/23016628_64b85235-9b10-4c0d-829e-a6e53017f6e2_700_700.png'], 'title': [u'Laptop / Notebook Lenovo Yoga 260 20FEA000ID - Win 10 Pro, i5-6200U']}
2018-10-20 14:37:50 [scrapy] INFO: Closing spider (finished)
2018-10-20 14:37:50 [scrapy] INFO: Dumping Scrapy stats:
{'downloader/request_bytes': 633,
 'downloader/request_count': 2,
 'downloader/request_method_count/GET': 2,
 'downloader/response_bytes': 29600,
 'downloader/response_count': 2,
 'downloader/response_status_count/200': 2,
 'finish_reason': 'finished',
 'finish_time': datetime.datetime(2018, 10, 20, 7, 37, 50, 677439),
 'item_scraped_count': 1,
 'log_count/DEBUG': 3,
 'log_count/INFO': 6,
 'memusage/max': 58163200,
 'memusage/startup': 58163200,
 'response_received_count': 2,
 'scheduler/dequeued': 1,
 'scheduler/dequeued/memory': 1,
 'scheduler/enqueued': 1,
 'scheduler/enqueued/memory': 1,
 'start_time': datetime.datetime(2018, 10, 20, 7, 37, 50, 212958)}
2018-10-20 14:37:50 [scrapy] INFO: Spider closed (finished)
