2018-10-23 19:38:29 [scrapy] DEBUG: Crawled (200) <GET https://www.tokopedia.com/robots.txt> (referer: None)
2018-10-23 19:38:33 [scrapy] DEBUG: Crawled (200) <GET https://www.tokopedia.com/pondok-apple/termurah-bergaransi-bnib-ipad-mini-4-128gb-wi-fi-cellular-garansi?trkid=f=Ca0000L000P0W0S0Sh00Co0Po0Fr0Cb0_src=other-product_page=1_ob=32_q=_po=2_catid=276> (referer: None)
2018-10-23 19:38:33 [scrapy] DEBUG: Scraped from <200 https://www.tokopedia.com/pondok-apple/termurah-bergaransi-bnib-ipad-mini-4-128gb-wi-fi-cellular-garansi?trkid=f=Ca0000L000P0W0S0Sh00Co0Po0Fr0Cb0_src=other-product_page=1_ob=32_q=_po=2_catid=276>
{'price': [u'8000000'], 'description': [u'<div id="info" class="tab-pane fade product-summary__content in active" itemprop="description">\n                                WELCOME TO PONDOKAPPLE<br>One Stop Shopping For ORIGINAL Apple Product<br>Online Store 100% Bergaransi, Aman, dan Terpercaya<br><br>Ready Stock All Apple &amp; Samsung Product<br><br>Harap dibaca dengan Jelas sebelum Beli<br>Barang Ready Stock<br>Barang 100% ORIGINAL apple product BUKAN BARANG REPLIKA kalau bukan ORI langsung balikin<br>Barang BNIB masih segel bukan barang second, refurbish dsbnya<br>Bukan Barang BM, Barang BM mana ada yg garansi nya 1 tahun<br>Bukan Barang REPLIKA/Super Copy/KW Super, bila Barang REPLIKA silahkan langsung balikin<br>Garansi bisa di bantu claim sampai kelar dan tidak di pungut biaya claim<br>After sales service yang terjamin<br><br>Phone / SMS<br>085719113629<br>(Kalau telpon tidak diangkat (biasa lg di jalan) langsung sms saja gan) \n                            </div>'], 'image': [u'https://ecs7.tokopedia.net/img/cache/700/product-1/2016/4/17/5655125/5655125_f4309d18-327f-4826-b680-dbdd378ad7c7.jpg', u'https://ecs7.tokopedia.net/img/cache/700/product-1/2016/4/17/5655125/5655125_c031c1c0-ef69-4cdc-b4c5-22ba23f3e739.jpg', u'https://ecs7.tokopedia.net/img/cache/700/product-1/2016/4/17/5655125/5655125_b61fbb33-271f-4fae-bc88-96b71b6021e8.jpg', u'https://ecs7.tokopedia.net/img/cache/700/product-1/2016/4/17/5655125/5655125_55a16c73-0a0c-4556-9464-f8c4311d534f.jpg', u'https://ecs7.tokopedia.net/img/cache/700/product-1/2016/4/17/5655125/5655125_8b9cf2de-f646-4792-aa6e-395a966fe5f8.jpg', u'https://ecs7.tokopedia.net/img/cache/700/catalog/2015/11/23/3454752/3454752_0a002bbf-c2ff-47fe-9181-0ff9c7f7a24f.png', u'https://ecs7.tokopedia.net/img/cache/700/catalog/2015/11/23/3454752/3454752_0c8e20a1-2712-4cf9-8e86-b1bba17e4c0f.png', u'https://ecs7.tokopedia.net/img/cache/700/catalog/2015/11/23/3454752/3454752_734e6df8-0b2e-4642-85dc-8d916f287f21.png', u'https://ecs7.tokopedia.net/img/cache/700/catalog/2015/11/23/3454752/3454752_42cf9406-78ef-47e6-bffb-daaf449662fe.png'], 'title': [u'[TERMURAH BERGARANSI] BNIB iPad Mini 4 128GB Wi-Fi + Cellular Garansi']}
2018-10-23 19:38:33 [scrapy] INFO: Closing spider (finished)
2018-10-23 19:38:33 [scrapy] INFO: Dumping Scrapy stats:
{'downloader/request_bytes': 610,
 'downloader/request_count': 2,
 'downloader/request_method_count/GET': 2,
 'downloader/response_bytes': 28867,
 'downloader/response_count': 2,
 'downloader/response_status_count/200': 2,
 'finish_reason': 'finished',
 'finish_time': datetime.datetime(2018, 10, 23, 12, 38, 33, 266748),
 'item_scraped_count': 1,
 'log_count/DEBUG': 3,
 'log_count/INFO': 6,
 'memusage/max': 63619072,
 'memusage/startup': 63619072,
 'response_received_count': 2,
 'scheduler/dequeued': 1,
 'scheduler/dequeued/memory': 1,
 'scheduler/enqueued': 1,
 'scheduler/enqueued/memory': 1,
 'start_time': datetime.datetime(2018, 10, 23, 12, 38, 26, 787216)}
2018-10-23 19:38:33 [scrapy] INFO: Spider closed (finished)
