2018-10-20 20:46:34 [scrapy] DEBUG: Crawled (200) <GET https://www.tokopedia.com/robots.txt> (referer: None)
2018-10-20 20:46:34 [scrapy] DEBUG: Crawled (200) <GET https://www.tokopedia.com/aziscomputer/xiaomi-mi-notebook-pro-15-i7-8550-8gb-256ssd-mx150-2gb-fhd-w10?trkid=f=Ca0000L000P0W0S0Sh00Co0Po0Fr0Cb0_src=other-product_page=1_ob=32_q=_po=1_catid=289> (referer: None)
2018-10-20 20:46:35 [scrapy] DEBUG: Scraped from <200 https://www.tokopedia.com/aziscomputer/xiaomi-mi-notebook-pro-15-i7-8550-8gb-256ssd-mx150-2gb-fhd-w10?trkid=f=Ca0000L000P0W0S0Sh00Co0Po0Fr0Cb0_src=other-product_page=1_ob=32_q=_po=1_catid=289>
{'price': [u'15000000'], 'description': [u'<div id="info" class="tab-pane fade product-summary__content in active" itemprop="description">\n                                KELUARAN 2018!!PROCESSOR GENERASI 8!!<br>WARNA DARK GRAY<br>Layar 13,3",<br>RAM 8 GB<br>Memory SSD 256 GB<br>Processor i7-8550U<br>NVIDIA GeForce MX150 256GB<br><br>Keadaan masih dalam original dengan bawaan Window 10 Home Chinese Simplified Edition .Window Original bawaan.bukan Window Bahasa english yang bajakan.<br>Atau bisa request ubah ke English Window 10 Pro<br>Atau bisa juga ubah di dalam settingannya ( tetapi akan ada sedikit dan beberapa aplikasi tulisan china campur inggris,Kalo mau full inggris,ikutin tutorial di atas )<br>WA 079607222431\n                            </div>'], 'image': [u'https://ecs7.tokopedia.net/img/cache/700/product-1/2018/5/5/0/0_9212b68d-ecd7-4fc2-80da-7a8bff8d98e6_700_393.jpg', u'https://ecs7.tokopedia.net/img/cache/700/product-1/2018/5/5/0/0_b6f51786-82f5-4c95-98e7-bc55a16e0926_700_521.jpg'], 'title': [u'XIAOMI MI NOTEBOOK PRO 15 I7 8550 8GB 256SSD MX150 2GB FHD W10']}
2018-10-20 20:46:35 [scrapy] INFO: Closing spider (finished)
2018-10-20 20:46:35 [scrapy] INFO: Dumping Scrapy stats:
{'downloader/request_bytes': 607,
 'downloader/request_count': 2,
 'downloader/request_method_count/GET': 2,
 'downloader/response_bytes': 27933,
 'downloader/response_count': 2,
 'downloader/response_status_count/200': 2,
 'finish_reason': 'finished',
 'finish_time': datetime.datetime(2018, 10, 20, 13, 46, 35, 5304),
 'item_scraped_count': 1,
 'log_count/DEBUG': 3,
 'log_count/INFO': 6,
 'memusage/max': 59764736,
 'memusage/startup': 59764736,
 'response_received_count': 2,
 'scheduler/dequeued': 1,
 'scheduler/dequeued/memory': 1,
 'scheduler/enqueued': 1,
 'scheduler/enqueued/memory': 1,
 'start_time': datetime.datetime(2018, 10, 20, 13, 46, 34, 277423)}
2018-10-20 20:46:35 [scrapy] INFO: Spider closed (finished)
