2018-10-15 14:29:49 [scrapy] DEBUG: Crawled (200) <GET https://www.tokopedia.com/robots.txt> (referer: None)
2018-10-15 14:29:50 [scrapy] DEBUG: Crawled (200) <GET https://www.tokopedia.com/pondok-apple/termurah-bnib-macbook-pro-grey-mll42-13-2-0ghz-core-i5-8gb-256gb> (referer: None)
2018-10-15 14:29:50 [scrapy] DEBUG: Scraped from <200 https://www.tokopedia.com/pondok-apple/termurah-bnib-macbook-pro-grey-mll42-13-2-0ghz-core-i5-8gb-256gb>
{'price': [u'17950000'], 'description': [u'<div id="info" class="tab-pane fade product-summary__content in active" itemprop="description">\n                                WELCOME TO PONDOKAPPLE<br>One Stop Shopping For ORIGINAL Apple Product<br>Online Store 100% Bergaransi, Aman, dan Terpercaya<br><br>Ready Stock All Apple &amp; Samsung Product<br><br>Harap dibaca dengan Jelas sebelum Beli<br>Barang Ready Stock<br>Barang 100% ORIGINAL apple product BUKAN BARANG REPLIKA kalau bukan ORI langsung balikin<br>Barang BNIB masih segel bukan barang second, refurbish dsbnya<br>Bukan Barang BM, Barang BM mana ada yg garansi nya 1 tahun<br>Bukan Barang REPLIKA/Super Copy/KW Super, bila Barang REPLIKA silahkan langsung balikin<br>Garansi bisa di bantu claim sampai kelar dan tidak di pungut biaya claim<br>After sales service yang terjamin<br><br>Phone / SMS<br>085719113629<br>(Kalau telpon tidak diangkat (biasa lg di jalan) langsung sms saja gan) \n                            </div>'], 'image': [u'https://ecs7.tokopedia.net/img/cache/700/product-1/2017/9/7/5655125/5655125_8e6db72f-36c1-4902-aaa3-fcfc83c6566e_1200_1200.jpg', u'https://ecs7.tokopedia.net/img/cache/700/product-1/2017/9/7/5655125/5655125_cc400089-978b-43e7-ab4a-13dcc0b926b3_500_500.jpg', u'https://ecs7.tokopedia.net/img/cache/700/product-1/2017/9/7/5655125/5655125_3160ffd5-d3c3-4354-8806-e1df3a71ecd2_500_500.jpg', u'https://ecs7.tokopedia.net/img/cache/700/catalog/2017/7/14/20723472/20723472_f51cd108-8665-41a7-a801-5bd7862e4a46.png', u'https://ecs7.tokopedia.net/img/cache/700/catalog/2017/7/14/20723472/20723472_da576ef0-7a57-435f-9b10-4697f32973bd.png', u'https://ecs7.tokopedia.net/img/cache/700/catalog/2017/7/14/20723472/20723472_219a1851-6da5-4828-9430-6edcf843efdf.png'], 'title': [u'[TERMURAH] BNIB Macbook Pro Grey MLL42 13" 2.0Ghz Core i5 8GB 256GB']}
2018-10-15 14:29:50 [scrapy] INFO: Closing spider (finished)
2018-10-15 14:29:50 [scrapy] INFO: Dumping Scrapy stats:
{'downloader/request_bytes': 519,
 'downloader/request_count': 2,
 'downloader/request_method_count/GET': 2,
 'downloader/response_bytes': 29808,
 'downloader/response_count': 2,
 'downloader/response_status_count/200': 2,
 'finish_reason': 'finished',
 'finish_time': datetime.datetime(2018, 10, 15, 7, 29, 50, 234061),
 'item_scraped_count': 1,
 'log_count/DEBUG': 3,
 'log_count/INFO': 6,
 'memusage/max': 73281536,
 'memusage/startup': 73281536,
 'response_received_count': 2,
 'scheduler/dequeued': 1,
 'scheduler/dequeued/memory': 1,
 'scheduler/enqueued': 1,
 'scheduler/enqueued/memory': 1,
 'start_time': datetime.datetime(2018, 10, 15, 7, 29, 49, 366632)}
2018-10-15 14:29:50 [scrapy] INFO: Spider closed (finished)
