2018-10-23 09:36:53 [scrapy] DEBUG: Crawled (200) <GET https://play.google.com/robots.txt> (referer: None)
2018-10-23 09:36:54 [scrapy] DEBUG: Crawled (200) <GET https://play.google.com/store/apps/details?id=id.angsur> (referer: None)
2018-10-23 09:36:54 [scrapy] DEBUG: Scraped from <200 https://play.google.com/store/apps/details?id=id.angsur>
{'price': [], 'description': [], 'image': [], 'title': []}
2018-10-23 09:36:54 [scrapy] INFO: Closing spider (finished)
2018-10-23 09:36:54 [scrapy] INFO: Dumping Scrapy stats:
{'downloader/request_bytes': 2170,
 'downloader/request_count': 2,
 'downloader/request_method_count/GET': 2,
 'downloader/response_bytes': 139056,
 'downloader/response_count': 2,
 'downloader/response_status_count/200': 2,
 'finish_reason': 'finished',
 'finish_time': datetime.datetime(2018, 10, 23, 2, 36, 54, 400797),
 'item_scraped_count': 1,
 'log_count/DEBUG': 3,
 'log_count/INFO': 6,
 'memusage/max': 63619072,
 'memusage/startup': 63619072,
 'response_received_count': 2,
 'scheduler/dequeued': 1,
 'scheduler/dequeued/memory': 1,
 'scheduler/enqueued': 1,
 'scheduler/enqueued/memory': 1,
 'start_time': datetime.datetime(2018, 10, 23, 2, 36, 53, 480922)}
2018-10-23 09:36:54 [scrapy] INFO: Spider closed (finished)
