2018-10-20 20:42:06 [scrapy] DEBUG: Crawled (200) <GET https://www.tokopedia.com/robots.txt> (referer: None)
2018-10-20 20:42:06 [scrapy] DEBUG: Crawled (200) <GET https://www.tokopedia.com/aziscomputer/lenovo-miix-320?trkid=f=Ca289L000P1W0S0Sh00Co0Po0Fr0Cb0_src=hot-product_page=1_ob=24_q=lenovo%20miix%20320_po=1_catid=289> (referer: None)
2018-10-20 20:42:06 [scrapy] DEBUG: Scraped from <200 https://www.tokopedia.com/aziscomputer/lenovo-miix-320?trkid=f=Ca289L000P1W0S0Sh00Co0Po0Fr0Cb0_src=hot-product_page=1_ob=24_q=lenovo%20miix%20320_po=1_catid=289>
{'price': [u'3430000'], 'description': [u'<div id="info" class="tab-pane fade product-summary__content in active" itemprop="description">\n                                LENOVO MIIX 320-10ICR-80XF00-FMID Platinum <br><br>Spesifikasi :<br>- Intel ATOM X5-Z8350 QC<br>- RAM 2GB<br>- HDD 128GB SSD<br>- VGA Intel HD 400<br>- Screen 10.1" Touch Screen<br>- Windows 10 Pro<br>- NO DVD-RW<br>- Cam/Bluetooth<br>- Garansi 1 Tahun LENOVO Indonesia<br><br>Unit Item ORI :<br>- Kami menjual unit original (bukan rekondisi/replika).<br>w.a 089607222431\n                            </div>'], 'image': [u'https://ecs7.tokopedia.net/img/cache/700/product-1/2017/12/15/21894535/21894535_50429461-f18e-43a0-93d1-441b18418897_300_300.jpg', u'https://ecs7.tokopedia.net/img/cache/700/product-1/2017/12/15/21894535/21894535_92152f2e-3ef4-4539-bee7-7f31b6cb887d_300_300.jpg'], 'title': [u'LENOVO MIIX 320']}
2018-10-20 20:42:06 [scrapy] INFO: Closing spider (finished)
2018-10-20 20:42:06 [scrapy] INFO: Dumping Scrapy stats:
{'downloader/request_bytes': 576,
 'downloader/request_count': 2,
 'downloader/request_method_count/GET': 2,
 'downloader/response_bytes': 28433,
 'downloader/response_count': 2,
 'downloader/response_status_count/200': 2,
 'finish_reason': 'finished',
 'finish_time': datetime.datetime(2018, 10, 20, 13, 42, 6, 801102),
 'item_scraped_count': 1,
 'log_count/DEBUG': 3,
 'log_count/INFO': 6,
 'memusage/max': 59764736,
 'memusage/startup': 59764736,
 'response_received_count': 2,
 'scheduler/dequeued': 1,
 'scheduler/dequeued/memory': 1,
 'scheduler/enqueued': 1,
 'scheduler/enqueued/memory': 1,
 'start_time': datetime.datetime(2018, 10, 20, 13, 42, 5, 871735)}
2018-10-20 20:42:06 [scrapy] INFO: Spider closed (finished)
