2018-10-26 06:42:04 [scrapy] DEBUG: Crawled (200) <GET https://www.tokopedia.com/robots.txt> (referer: None)
2018-10-26 06:42:05 [scrapy] DEBUG: Crawled (200) <GET https://www.tokopedia.com/jadidealshop/magsafe-2-85w-powe-adapter-charger-mac-book-pro-air> (referer: None)
2018-10-26 06:42:05 [scrapy] DEBUG: Scraped from <200 https://www.tokopedia.com/jadidealshop/magsafe-2-85w-powe-adapter-charger-mac-book-pro-air>
{'price': [u'600000'], 'description': [u'<div id="info" class="tab-pane fade product-summary__content in active" itemprop="description">\n                                Barang baru, 100\'% original.<br>Magsafe ini digunakan untuk Macbook 15" tahun 2012 ke atas ( retina display).<br>Kunjungi situs Apple sebagai referensi magsafe yg tepat.<br>https://supportappplecom/en-ap/HT201700\n                            </div>'], 'image': [u'https://ecs7.tokopedia.net/img/cache/700/product-1/2018/1/31/0/0_78c865fd-deee-416f-bc2f-10db6b6cf829_700_700.jpg', u'https://ecs7.tokopedia.net/img/cache/700/product-1/2018/1/31/0/0_ea52724a-10d4-47fa-a601-07b946c7d6dd_700_393.jpg'], 'title': [u'Magsafe 2 85W Powe Adapter Charger Mac book Pro & AIr']}
2018-10-26 06:42:05 [scrapy] INFO: Closing spider (finished)
2018-10-26 06:42:05 [scrapy] INFO: Dumping Scrapy stats:
{'downloader/request_bytes': 506,
 'downloader/request_count': 2,
 'downloader/request_method_count/GET': 2,
 'downloader/response_bytes': 28455,
 'downloader/response_count': 2,
 'downloader/response_status_count/200': 2,
 'finish_reason': 'finished',
 'finish_time': datetime.datetime(2018, 10, 25, 23, 42, 5, 450648),
 'item_scraped_count': 1,
 'log_count/DEBUG': 3,
 'log_count/INFO': 6,
 'memusage/max': 49598464,
 'memusage/startup': 49598464,
 'response_received_count': 2,
 'scheduler/dequeued': 1,
 'scheduler/dequeued/memory': 1,
 'scheduler/enqueued': 1,
 'scheduler/enqueued/memory': 1,
 'start_time': datetime.datetime(2018, 10, 25, 23, 42, 3, 806860)}
2018-10-26 06:42:05 [scrapy] INFO: Spider closed (finished)
