2018-10-15 11:49:29 [scrapy] DEBUG: Crawled (200) <GET https://www.tokopedia.com/robots.txt> (referer: None)
2018-10-15 11:49:29 [scrapy] DEBUG: Crawled (200) <GET https://www.tokopedia.com/fosforindonesia/ready-apple-watch-series-4-44mm-space-black-stainlessl-black-sport?src=featured_product> (referer: None)
2018-10-15 11:49:29 [scrapy] DEBUG: Scraped from <200 https://www.tokopedia.com/fosforindonesia/ready-apple-watch-series-4-44mm-space-black-stainlessl-black-sport?src=featured_product>
{'price': [u'19990000'], 'description': [u'<div id="info" class="tab-pane fade product-summary__content in active" itemprop="description">\n                                Apple watch series 4 44mm space black stainless steel with black sport band<br><br>Ready Stock!!!\n                            </div>'], 'image': [u'https://ecs7.tokopedia.net/img/cache/700/product-1/2018/10/6/991886/991886_2edbf5cd-8669-4ecf-abc5-05a9553d1e5f_540_540.jpg'], 'title': [u'READY Apple Watch series 4 44mm space black stainlessl black sport']}
2018-10-15 11:49:29 [scrapy] INFO: Closing spider (finished)
2018-10-15 11:49:29 [scrapy] INFO: Dumping Scrapy stats:
{'downloader/request_bytes': 545,
 'downloader/request_count': 2,
 'downloader/request_method_count/GET': 2,
 'downloader/response_bytes': 28302,
 'downloader/response_count': 2,
 'downloader/response_status_count/200': 2,
 'finish_reason': 'finished',
 'finish_time': datetime.datetime(2018, 10, 15, 4, 49, 29, 906210),
 'item_scraped_count': 1,
 'log_count/DEBUG': 3,
 'log_count/INFO': 6,
 'memusage/max': 65773568,
 'memusage/startup': 65773568,
 'response_received_count': 2,
 'scheduler/dequeued': 1,
 'scheduler/dequeued/memory': 1,
 'scheduler/enqueued': 1,
 'scheduler/enqueued/memory': 1,
 'start_time': datetime.datetime(2018, 10, 15, 4, 49, 26, 299778)}
2018-10-15 11:49:29 [scrapy] INFO: Spider closed (finished)
