2018-10-23 22:02:31 [scrapy] DEBUG: Retrying <GET https://www.tokopedia.com/robots.txt> (failed 1 times): User timeout caused connection failure: Getting https://www.tokopedia.com/robots.txt took longer than 180.0 seconds..
2018-10-23 22:02:32 [scrapy] DEBUG: Retrying <GET https://www.tokopedia.com/robots.txt> (failed 2 times): DNS lookup failed: no results for hostname lookup: www.tokopedia.com.
2018-10-23 22:02:32 [scrapy] DEBUG: Gave up retrying <GET https://www.tokopedia.com/robots.txt> (failed 3 times): DNS lookup failed: no results for hostname lookup: www.tokopedia.com.
2018-10-23 22:02:32 [scrapy] ERROR: Error downloading <GET https://www.tokopedia.com/robots.txt>: DNS lookup failed: no results for hostname lookup: www.tokopedia.com.
Traceback (most recent call last):
  File "/anaconda2/lib/python2.7/site-packages/twisted/internet/defer.py", line 1384, in _inlineCallbacks
    result = result.throwExceptionIntoGenerator(g)
  File "/anaconda2/lib/python2.7/site-packages/twisted/python/failure.py", line 393, in throwExceptionIntoGenerator
    return g.throw(self.type, self.value, self.tb)
  File "/anaconda2/lib/python2.7/site-packages/scrapy/core/downloader/middleware.py", line 43, in process_request
    defer.returnValue((yield download_func(request=request,spider=spider)))
  File "/anaconda2/lib/python2.7/site-packages/twisted/internet/defer.py", line 653, in _runCallbacks
    current.result = callback(current.result, *args, **kw)
  File "/anaconda2/lib/python2.7/site-packages/twisted/internet/endpoints.py", line 954, in startConnectionAttempts
    "no results for hostname lookup: {}".format(self._hostStr)
DNSLookupError: DNS lookup failed: no results for hostname lookup: www.tokopedia.com.
2018-10-23 22:02:32 [scrapy] DEBUG: Retrying <GET https://www.tokopedia.com/chocoapple/new-iphone-xs-max-256gb-gold-garansi-apple-1-tahun?src=topads> (failed 1 times): DNS lookup failed: no results for hostname lookup: www.tokopedia.com.
2018-10-23 22:02:32 [scrapy] INFO: Closing spider (timeout)
2018-10-23 22:02:32 [scrapy] INFO: Dumping Scrapy stats:
{'downloader/exception_count': 4,
 'downloader/exception_type_count/twisted.internet.error.DNSLookupError': 3,
 'downloader/exception_type_count/twisted.internet.error.TimeoutError': 1,
 'downloader/request_bytes': 966,
 'downloader/request_count': 4,
 'downloader/request_method_count/GET': 4,
 'finish_reason': 'timeout',
 'finish_time': datetime.datetime(2018, 10, 23, 15, 2, 32, 297964),
 'log_count/DEBUG': 11,
 'log_count/ERROR': 2,
 'log_count/INFO': 15,
 'memusage/max': 55222272,
 'memusage/startup': 55222272,
 'retry/count': 3,
 'retry/max_reached': 1,
 'retry/reason_count/twisted.internet.error.DNSLookupError': 2,
 'retry/reason_count/twisted.internet.error.TimeoutError': 1,
 'scheduler/dequeued': 1,
 'scheduler/dequeued/memory': 1,
 'scheduler/enqueued': 2,
 'scheduler/enqueued/memory': 2,
 'start_time': datetime.datetime(2018, 10, 23, 14, 45, 6, 394267)}
2018-10-23 22:02:32 [scrapy] INFO: Spider closed (timeout)
