2018-10-23 08:29:08 [scrapy] DEBUG: Crawled (200) <GET https://www.tokopedia.com/robots.txt> (referer: None)
2018-10-23 08:29:09 [scrapy] DEBUG: Crawled (200) <GET https://www.tokopedia.com/pakenasiclub/xiaomi-smartwatch-mi-band-3?trkid=f=Ca1536L000P1W0S0Sh00Co0Po0Fr0Cb0_src=hot-product_page=1_ob=24_q=xiaomi%20mi%20band%203_po=1_catid=1536> (referer: None)
2018-10-23 08:29:09 [scrapy] DEBUG: Scraped from <200 https://www.tokopedia.com/pakenasiclub/xiaomi-smartwatch-mi-band-3?trkid=f=Ca1536L000P1W0S0Sh00Co0Po0Fr0Cb0_src=hot-product_page=1_ob=24_q=xiaomi%20mi%20band%203_po=1_catid=1536>
{'price': [u'525000'], 'description': [u'<div id="info" class="tab-pane fade product-summary__content in active" itemprop="description">\n                                Smart watch Mi band 3<br>Original 100%<br>Water resistant\n                            </div>'], 'image': [u'https://ecs7.tokopedia.net/img/cache/700/attachment/2018/9/14/153691587339462/153691587339462_4d58fca8-8ad9-4258-86fa-b9623bb3cfdc.png', u'https://ecs7.tokopedia.net/img/cache/700/attachment/2018/9/14/153691587339583/153691587339583_5faced28-7139-4ae6-ab63-7ea46c8c1dee.png'], 'title': [u'Xiaomi Smartwatch Mi Band 3']}
2018-10-23 08:29:09 [scrapy] INFO: Closing spider (finished)
2018-10-23 08:29:09 [scrapy] INFO: Dumping Scrapy stats:
{'downloader/request_bytes': 593,
 'downloader/request_count': 2,
 'downloader/request_method_count/GET': 2,
 'downloader/response_bytes': 28020,
 'downloader/response_count': 2,
 'downloader/response_status_count/200': 2,
 'finish_reason': 'finished',
 'finish_time': datetime.datetime(2018, 10, 23, 1, 29, 9, 247188),
 'item_scraped_count': 1,
 'log_count/DEBUG': 3,
 'log_count/INFO': 6,
 'memusage/max': 55136256,
 'memusage/startup': 55136256,
 'response_received_count': 2,
 'scheduler/dequeued': 1,
 'scheduler/dequeued/memory': 1,
 'scheduler/enqueued': 1,
 'scheduler/enqueued/memory': 1,
 'start_time': datetime.datetime(2018, 10, 23, 1, 29, 8, 524506)}
2018-10-23 08:29:09 [scrapy] INFO: Spider closed (finished)
