2018-10-23 16:32:15 [scrapy] DEBUG: Crawled (200) <GET https://www.tokopedia.com/robots.txt> (referer: None)
2018-10-23 16:32:15 [scrapy] DEBUG: Crawled (200) <GET https://www.tokopedia.com/pondok-apple/termurah-ipad-pro-10-5-wifi-cellular-64gb-garansi-apple-1-tahun> (referer: None)
2018-10-23 16:32:15 [scrapy] DEBUG: Scraped from <200 https://www.tokopedia.com/pondok-apple/termurah-ipad-pro-10-5-wifi-cellular-64gb-garansi-apple-1-tahun>
{'price': [u'11600000'], 'description': [u'<div id="info" class="tab-pane fade product-summary__content in active" itemprop="description">\n                                WELCOME TO PONDOKAPPLE<br>One Stop Shopping For ORIGINAL Apple Product<br>Online Store 100% Bergaransi, Aman, dan Terpercaya<br><br>Ready Stock All Apple &amp; Samsung Product<br><br>Harap dibaca dengan Jelas sebelum Beli<br>Barang Ready Stock<br>Barang 100% ORIGINAL apple product BUKAN BARANG REPLIKA kalau bukan ORI langsung balikin<br>Barang BNIB masih segel bukan barang second, refurbish dsbnya<br>Bukan Barang BM, Barang BM mana ada yg garansi nya 1 tahun<br>Bukan Barang REPLIKA/Super Copy/KW Super, bila Barang REPLIKA silahkan langsung balikin<br>Garansi bisa di bantu claim sampai kelar dan tidak di pungut biaya claim<br>After sales service yang terjamin<br><br>Phone / SMS<br>085719113629<br>(Kalau telpon tidak diangkat (biasa lg di jalan) langsung sms saja gan) \n                            </div>'], 'image': [u'https://ecs7.tokopedia.net/img/cache/700/product-1/2017/9/7/5655125/5655125_8cbeabd6-440f-4ebe-a539-36a73355d8aa_1200_630.jpg', u'https://ecs7.tokopedia.net/img/cache/700/product-1/2017/9/7/5655125/5655125_2500a15a-ddaa-4701-a756-43fd6e676718_1200_630.jpg'], 'title': [u'[TERMURAH] iPad Pro 10.5" Wifi+Cellular 64GB Garansi Apple 1 Tahun']}
2018-10-23 16:32:15 [scrapy] INFO: Closing spider (finished)
2018-10-23 16:32:15 [scrapy] INFO: Dumping Scrapy stats:
{'downloader/request_bytes': 518,
 'downloader/request_count': 2,
 'downloader/request_method_count/GET': 2,
 'downloader/response_bytes': 29072,
 'downloader/response_count': 2,
 'downloader/response_status_count/200': 2,
 'finish_reason': 'finished',
 'finish_time': datetime.datetime(2018, 10, 23, 9, 32, 15, 746108),
 'item_scraped_count': 1,
 'log_count/DEBUG': 3,
 'log_count/INFO': 6,
 'memusage/max': 63619072,
 'memusage/startup': 63619072,
 'response_received_count': 2,
 'scheduler/dequeued': 1,
 'scheduler/dequeued/memory': 1,
 'scheduler/enqueued': 1,
 'scheduler/enqueued/memory': 1,
 'start_time': datetime.datetime(2018, 10, 23, 9, 32, 15, 264643)}
2018-10-23 16:32:15 [scrapy] INFO: Spider closed (finished)
