2018-10-24 10:14:50 [scrapy] DEBUG: Crawled (200) <GET https://www.tokopedia.com/robots.txt> (referer: None)
2018-10-24 10:14:50 [scrapy] DEBUG: Crawled (200) <GET https://www.tokopedia.com/maccover/macbook-mac-book-pro-retina-13-inch-cover-hard-case-kulit-leather-skin?trkid=f=Ca0000L000P0W0S0Sh00Co0Po0Fr0Cb0_src=other-product_page=1_ob=32_q=_po=4_catid=295> (referer: None)
2018-10-24 10:14:50 [scrapy] DEBUG: Scraped from <200 https://www.tokopedia.com/maccover/macbook-mac-book-pro-retina-13-inch-cover-hard-case-kulit-leather-skin?trkid=f=Ca0000L000P0W0S0Sh00Co0Po0Fr0Cb0_src=other-product_page=1_ob=32_q=_po=4_catid=295>
{'price': [u'250000'], 'description': [u'<div id="info" class="tab-pane fade product-summary__content in active" itemprop="description">\n                                Real pictures guys !!<br><br>Macbook Pro Retina 13 inch Leather case skin<br><br>Mac cover Leather skin, TEKSTUR LEATHER SUDAH SEPERTI DOMPET ATAU TAS kalau di pegang.<br>bahan berkualtas tinggi. <br><br>cocok banget untuk, profesional business, kantoran dan fashion blogger. karna kesan yang high quality leather, elegant, simple dan classy<br><br>Warna : Black, darkblue, darkbrown, brown<br><br>bahan hardcase<br>Logo Berlubang With Cut out).<br>Case Bawah berwarna hitam doff<br><br>di rekomendasikan untuk ke toko, supaya bisa melihat kualitasnya<br><br>TERSEDIA JUGA UNTUK :<br>AIR 11 INCH<br>NEW MACBOOK 12 INCH<br>AIR 13 INCH<br>PRO 13 INCH<br>PRO TOUCHBAR/NON TOUCHBAR 13 INCH<br>PRO RETINA 15 INCH<br>PRO TOUCHBAR 15 INCH<br><br>Silahkan PM bagi pembeli yang ingin bertanya lebih lanjut dan ketersediaan stok barang. Terima Kasih<br><br>Lokasi COD Jakarta<br><br>Mangga Dua Mall<br>Jembatan Niaga 2<br>Lt. 2 Blok KJ No. 64 Jakarta Pusat<br><br>COD Hanya di Toko Jam Kerja Mangga Dua Mall<br>Jam 7 Malam keatas di Muara Karang, Pluit &amp; Pantai Indah Kapuk<br>Fast Respons<br><br>087774383308 - sms / WA / Call\n                            </div>'], 'image': [u'https://ecs7.tokopedia.net/img/cache/700/product-1/2018/1/26/170564133/170564133_615f8924-3ae8-411e-954a-ccaf31d306c7_420_300.jpg', u'https://ecs7.tokopedia.net/img/cache/700/product-1/2018/1/26/170564133/170564133_535157b5-3581-41ab-8410-0998523b58d2_420_300.jpg', u'https://ecs7.tokopedia.net/img/cache/700/product-1/2018/1/26/170564133/170564133_b5db5f37-4ba4-4741-9552-b74a0d7369d4_420_300.jpg', u'https://ecs7.tokopedia.net/img/cache/700/product-1/2018/3/13/15571689/15571689_2ea85e17-5244-4ebb-83ad-9f2a7221e943_2048_1536.jpg'], 'title': [u'macbook mac book Pro Retina 13 inch cover hard case Kulit Leather skin']}
2018-10-24 10:14:50 [scrapy] INFO: Closing spider (finished)
2018-10-24 10:14:50 [scrapy] INFO: Dumping Scrapy stats:
{'downloader/request_bytes': 611,
 'downloader/request_count': 2,
 'downloader/request_method_count/GET': 2,
 'downloader/response_bytes': 29580,
 'downloader/response_count': 2,
 'downloader/response_status_count/200': 2,
 'finish_reason': 'finished',
 'finish_time': datetime.datetime(2018, 10, 24, 3, 14, 50, 723975),
 'item_scraped_count': 1,
 'log_count/DEBUG': 3,
 'log_count/INFO': 6,
 'memusage/max': 63598592,
 'memusage/startup': 63598592,
 'response_received_count': 2,
 'scheduler/dequeued': 1,
 'scheduler/dequeued/memory': 1,
 'scheduler/enqueued': 1,
 'scheduler/enqueued/memory': 1,
 'start_time': datetime.datetime(2018, 10, 24, 3, 14, 50, 231949)}
2018-10-24 10:14:50 [scrapy] INFO: Spider closed (finished)
