2018-10-23 16:44:26 [scrapy] DEBUG: Crawled (200) <GET https://www.tokopedia.com/robots.txt> (referer: None)
2018-10-23 16:44:27 [scrapy] DEBUG: Crawled (200) <GET https://www.tokopedia.com/pondok-apple/termurah-bergaransi-bnib-ipad-mini-4-128gb-wi-fi-only-garansi?trkid=f=Ca0000L000P0W0S0Sh00Co0Po0Fr0Cb0_src=other-product_page=1_ob=32_q=_po=1_catid=276> (referer: None)
2018-10-23 16:44:27 [scrapy] DEBUG: Scraped from <200 https://www.tokopedia.com/pondok-apple/termurah-bergaransi-bnib-ipad-mini-4-128gb-wi-fi-only-garansi?trkid=f=Ca0000L000P0W0S0Sh00Co0Po0Fr0Cb0_src=other-product_page=1_ob=32_q=_po=1_catid=276>
{'price': [u'5900000'], 'description': [u'<div id="info" class="tab-pane fade product-summary__content in active" itemprop="description">\n                                WELCOME TO PONDOKAPPLE<br>One Stop Shopping For ORIGINAL Apple Product<br>Online Store 100% Bergaransi, Aman, dan Terpercaya<br><br>Ready Stock All Apple &amp; Samsung Product<br><br>Harap dibaca dengan Jelas sebelum Beli<br>Barang Ready Stock<br>Barang 100% ORIGINAL apple product BUKAN BARANG REPLIKA kalau bukan ORI langsung balikin<br>Barang BNIB masih segel bukan barang second, refurbish dsbnya<br>Bukan Barang BM, Barang BM mana ada yg garansi nya 1 tahun<br>Bukan Barang REPLIKA/Super Copy/KW Super, bila Barang REPLIKA silahkan langsung balikin<br>Garansi bisa di bantu claim sampai kelar dan tidak di pungut biaya claim<br>After sales service yang terjamin<br><br>Phone / SMS<br>085719113629<br>(Kalau telpon tidak diangkat (biasa lg di jalan) langsung sms saja gan) \n                            </div>'], 'image': [u'https://ecs7.tokopedia.net/img/cache/700/product-1/2016/4/17/5655125/5655125_be9d7281-3479-455c-ab10-ec109d3712c9.jpg', u'https://ecs7.tokopedia.net/img/cache/700/product-1/2016/4/17/5655125/5655125_9cc27acf-ff55-4077-a82a-43508e1879d0.jpg', u'https://ecs7.tokopedia.net/img/cache/700/product-1/2016/4/17/5655125/5655125_118148ef-80f1-4174-a1e2-45ec5096d306.jpg', u'https://ecs7.tokopedia.net/img/cache/700/product-1/2016/4/17/5655125/5655125_fa4b9591-ddb9-4e29-b046-ea43cfdb1a4e.jpg', u'https://ecs7.tokopedia.net/img/cache/700/product-1/2016/4/17/5655125/5655125_0d6d7fb0-5286-4f18-9415-37e2203c9d26.jpg', u'https://ecs7.tokopedia.net/img/cache/700/catalog/2015/11/23/3454752/3454752_9645c202-de76-4b2a-99bf-e056884bd370.png', u'https://ecs7.tokopedia.net/img/cache/700/catalog/2015/11/23/3454752/3454752_e7f4e4f6-803f-4968-bc56-38f3b6cc7dfd.png', u'https://ecs7.tokopedia.net/img/cache/700/catalog/2015/11/23/3454752/3454752_d2f2cace-f6a4-44ba-a0ea-b7b4720a7ad2.png', u'https://ecs7.tokopedia.net/img/cache/700/catalog/2015/11/23/3454752/3454752_e6878a40-bd17-421a-b03d-077c28449007.png'], 'title': [u'[TERMURAH BERGARANSI] BNIB iPad Mini 4 128GB Wi-Fi Only Garansi']}
2018-10-23 16:44:27 [scrapy] INFO: Closing spider (finished)
2018-10-23 16:44:27 [scrapy] INFO: Dumping Scrapy stats:
{'downloader/request_bytes': 606,
 'downloader/request_count': 2,
 'downloader/request_method_count/GET': 2,
 'downloader/response_bytes': 29875,
 'downloader/response_count': 2,
 'downloader/response_status_count/200': 2,
 'finish_reason': 'finished',
 'finish_time': datetime.datetime(2018, 10, 23, 9, 44, 27, 162813),
 'item_scraped_count': 1,
 'log_count/DEBUG': 3,
 'log_count/INFO': 6,
 'memusage/max': 63619072,
 'memusage/startup': 63619072,
 'response_received_count': 2,
 'scheduler/dequeued': 1,
 'scheduler/dequeued/memory': 1,
 'scheduler/enqueued': 1,
 'scheduler/enqueued/memory': 1,
 'start_time': datetime.datetime(2018, 10, 23, 9, 44, 25, 388827)}
2018-10-23 16:44:27 [scrapy] INFO: Spider closed (finished)
