2018-10-11 07:47:11 [scrapy] DEBUG: Crawled (200) <GET https://www.tokopedia.com/robots.txt> (referer: None)
2018-10-11 07:47:12 [scrapy] DEBUG: Crawled (200) <GET https://www.tokopedia.com/toko-kamu/laptop-asus-rog-zephyrus-m-gu501gm-8750h-16gb-128gb-1tb-black-metal> (referer: None)
2018-10-11 07:47:12 [scrapy] DEBUG: Scraped from <200 https://www.tokopedia.com/toko-kamu/laptop-asus-rog-zephyrus-m-gu501gm-8750h-16gb-128gb-1tb-black-metal>
{'price': [u'26999000'], 'description': [u'<div id="info" class="tab-pane fade product-summary__content in active" itemprop="description">\n                                Laptop ASUS ROG ZEPHYRUS M GU501GM-8750H-16GB-128GB-1TB Black Metal Win10<br><br>ASUS ROG ZEPHYRUS M GU501GM-8750H-16GB-128GB-1TB Black Metal (i7-8750H/16GB/128GB SSD +1TB/GTX1060M-6GB/GTX1060M/Win10) Slim Gaming - Garansi Distributor 1 Tahun<br><br>Harap bertanya terlebih dahulu untuk ketersediaan stock dan warna. Terima Kasih.<br>Biasakan membaca catatan Toko dan feedback beserta ulasan toko kami sebelum melakukan pembelian.<br><br>Garansi Distributor 1 Tahun<br><br>Specs:<br>Processor Intel Core i7-8750H (Intel Core i7)<br>Graphics adapter NVIDIA GeForce GTX 1060 (Laptop) - 6144 MB, Core: 1405 MHz, Memory: 2002 MHz, GDDR5, NVIDIA GeForce Game Ready Driver 397.64, NVIDIA Optimus<br>Memory 16384 MB , DDR4-2666 / PC4-21300 (1333.3 MHz), 1x16 GB<br>Display 15.6 inch 16:9, 1920 x 1080 pixel 141 PPI, AU Optronics AUO45ED, IPS, glossy: no<br>Mainboard Intel HM370<br>Storage: 128 GB PCIe NVMe SSD + 1 TB 5400 RPM SSHD (8 GB SSD cache),<br>Windows 10<br>Baterai: 8 Cells 71 Whrs <br>Audio: Built-in Stereo 3 W Speakers And Microphone, ASUS Sonic Studio\n                            </div>'], 'image': [u'https://ecs7.tokopedia.net/img/cache/700/product-1/2018/9/3/3764853/3764853_9699d8d7-8c5e-4640-8ef1-a398c9ab0a09_1082_1042.jpg', u'https://ecs7.tokopedia.net/img/cache/700/product-1/2018/9/3/3764853/3764853_94356abb-e57a-4b82-a0f5-d2171bccf4c4_700_409.jpg', u'https://ecs7.tokopedia.net/img/cache/700/product-1/2018/9/3/3764853/3764853_bb606de4-da24-4e85-8b59-a86e4525038c_640_444.jpg', u'https://ecs7.tokopedia.net/img/cache/700/product-1/2018/9/3/3764853/3764853_3cffb229-6361-4e08-b26a-7529f087996b_689_588.jpg', u'https://ecs7.tokopedia.net/img/cache/700/product-1/2018/9/3/3764853/3764853_64c35c27-bfc0-417a-b60e-716ae50dc926_1100_674.jpg'], 'title': [u'Laptop ASUS ROG ZEPHYRUS M GU501GM-8750H-16GB-128GB-1TB Black Metal']}
2018-10-11 07:47:12 [scrapy] INFO: Closing spider (finished)
2018-10-11 07:47:12 [scrapy] INFO: Dumping Scrapy stats:
{'downloader/request_bytes': 519,
 'downloader/request_count': 2,
 'downloader/request_method_count/GET': 2,
 'downloader/response_bytes': 28793,
 'downloader/response_count': 2,
 'downloader/response_status_count/200': 2,
 'finish_reason': 'finished',
 'finish_time': datetime.datetime(2018, 10, 11, 0, 47, 12, 274002),
 'item_scraped_count': 1,
 'log_count/DEBUG': 3,
 'log_count/INFO': 6,
 'memusage/max': 54710272,
 'memusage/startup': 54710272,
 'response_received_count': 2,
 'scheduler/dequeued': 1,
 'scheduler/dequeued/memory': 1,
 'scheduler/enqueued': 1,
 'scheduler/enqueued/memory': 1,
 'start_time': datetime.datetime(2018, 10, 11, 0, 47, 11, 514486)}
2018-10-11 07:47:12 [scrapy] INFO: Spider closed (finished)
