2018-10-05 20:34:50 [scrapy] DEBUG: Crawled (200) <GET https://www.bukalapak.com/robots.txt> (referer: None)
2018-10-05 20:34:50 [scrapy] DEBUG: Crawled (200) <GET https://www.bukalapak.com/p/handphone/headset-earphone/eyxs8w-jual-earphone-edifier-h101-black> (referer: None)
2018-10-05 20:34:51 [scrapy] DEBUG: Scraped from <200 https://www.bukalapak.com/p/handphone/headset-earphone/eyxs8w-jual-earphone-edifier-h101-black>
{'price': [], 'description': [], 'image': [], 'title': [u'Home', u'Handphone', u'Headset (Earphone)', u'Earphone EDIFIER H101 Black']}
2018-10-05 20:34:51 [scrapy] INFO: Closing spider (finished)
2018-10-05 20:34:51 [scrapy] INFO: Dumping Scrapy stats:
{'downloader/request_bytes': 952,
 'downloader/request_count': 2,
 'downloader/request_method_count/GET': 2,
 'downloader/response_bytes': 28611,
 'downloader/response_count': 2,
 'downloader/response_status_count/200': 2,
 'finish_reason': 'finished',
 'finish_time': datetime.datetime(2018, 10, 5, 13, 34, 51, 131330),
 'item_scraped_count': 1,
 'log_count/DEBUG': 3,
 'log_count/INFO': 6,
 'memusage/max': 49549312,
 'memusage/startup': 49545216,
 'response_received_count': 2,
 'scheduler/dequeued': 1,
 'scheduler/dequeued/memory': 1,
 'scheduler/enqueued': 1,
 'scheduler/enqueued/memory': 1,
 'start_time': datetime.datetime(2018, 10, 5, 13, 34, 50, 445733)}
2018-10-05 20:34:51 [scrapy] INFO: Spider closed (finished)
