2018-10-24 10:41:02 [scrapy] DEBUG: Crawled (200) <GET https://www.tokopedia.com/robots.txt> (referer: None)
2018-10-24 10:41:03 [scrapy] DEBUG: Crawled (200) <GET https://www.tokopedia.com/simplyhome/notebook-lenovo-ip-330-amd-a4-9125-ram-4gb-hdd-500gb-dvdrw-win10?trkid=f=Ca289L000P0W0S0Sh00Co0Po0Fr0Cb0_src=directory_page=1_ob=24_q=_po=5_catid=289> (referer: None)
2018-10-24 10:41:03 [scrapy] DEBUG: Scraped from <200 https://www.tokopedia.com/simplyhome/notebook-lenovo-ip-330-amd-a4-9125-ram-4gb-hdd-500gb-dvdrw-win10?trkid=f=Ca289L000P0W0S0Sh00Co0Po0Fr0Cb0_src=directory_page=1_ob=24_q=_po=5_catid=289>
{'price': [u'3670000'], 'description': [u'<div id="info" class="tab-pane fade product-summary__content in active" itemprop="description">\n                                Spec :<br>Processor : AMD A4-9125 ( 2.3 GHz - 2.6 GHz )<br>RAM : 4GB DDR4<br>Penyimpanan : 500 GB Hard Disk<br>VGA : AMD Radeon R3 Graphics (Integrated Graphics).<br>Layar : 14" inch LED HD Anti Glare<br>Sistem Operasi : Windows 10 64bit<br>Fitur : Bluetooth 4.1, WIFI, Card Reader, HDMI, USB2.0<br>Lan, Audio Jack, Audio Speaker With Dolby<br>Slim DVD RW, Lenovo One Key Recovery, Camera, Berat +- 2.1 Kg Slim<br>Warna : Hitam<br>Garansi\t: 1 Tahun Garansi Resmi Lenovo\n                            </div>'], 'image': [u'https://ecs7.tokopedia.net/img/cache/700/product-1/2017/9/28/12560270/12560270_107960b2-dc71-4335-a75c-061b6f60bd4b_568_576.jpg', u'https://ecs7.tokopedia.net/img/cache/700/product-1/2017/9/28/12560270/12560270_9a318d83-d4aa-4803-9a7c-259b86162f85_700_700.jpg', u'https://ecs7.tokopedia.net/img/cache/700/product-1/2017/9/28/12560270/12560270_0716af08-14ba-4ea1-a1e2-54f9977af4e8_700_700.jpg', u'https://ecs7.tokopedia.net/img/cache/700/product-1/2017/9/28/12560270/12560270_e8e1bcb8-8d6e-4b5c-83db-c132dc70af78_700_700.jpg'], 'title': [u'Notebook LENOVO IP 330 AMD A4-9125, RAM 4GB, HDD 500GB , DVDRW, WIN10']}
2018-10-24 10:41:03 [scrapy] INFO: Closing spider (finished)
2018-10-24 10:41:03 [scrapy] INFO: Dumping Scrapy stats:
{'downloader/request_bytes': 602,
 'downloader/request_count': 2,
 'downloader/request_method_count/GET': 2,
 'downloader/response_bytes': 29069,
 'downloader/response_count': 2,
 'downloader/response_status_count/200': 2,
 'finish_reason': 'finished',
 'finish_time': datetime.datetime(2018, 10, 24, 3, 41, 3, 162720),
 'item_scraped_count': 1,
 'log_count/DEBUG': 3,
 'log_count/INFO': 6,
 'memusage/max': 63598592,
 'memusage/startup': 63598592,
 'response_received_count': 2,
 'scheduler/dequeued': 1,
 'scheduler/dequeued/memory': 1,
 'scheduler/enqueued': 1,
 'scheduler/enqueued/memory': 1,
 'start_time': datetime.datetime(2018, 10, 24, 3, 41, 0, 343069)}
2018-10-24 10:41:03 [scrapy] INFO: Spider closed (finished)
