2018-10-24 09:13:24 [scrapy] DEBUG: Crawled (200) <GET https://www.tokopedia.com/robots.txt> (referer: None)
2018-10-24 09:13:24 [scrapy] DEBUG: Crawled (200) <GET https://www.tokopedia.com/maccover/macbook-mac-book-pro-retina-13-inch-cover-hard-case-marble-marmer-skin?trkid=f=Ca0000L000P0W0S0Sh00Co0Po0Fr0Cb0_src=universe_page=1_ob=23_q=mac%20book%20pro_po=18_catid=295> (referer: None)
2018-10-24 09:13:24 [scrapy] DEBUG: Scraped from <200 https://www.tokopedia.com/maccover/macbook-mac-book-pro-retina-13-inch-cover-hard-case-marble-marmer-skin?trkid=f=Ca0000L000P0W0S0Sh00Co0Po0Fr0Cb0_src=universe_page=1_ob=23_q=mac%20book%20pro_po=18_catid=295>
{'price': [u'250000'], 'description': [u'<div id="info" class="tab-pane fade product-summary__content in active" itemprop="description">\n                                Real pictures guys !!<br><br>HASIL GAMBAR CETAK HALUS DAN RAPI , TIDAK PECAH DETAILNYA. BISA DI LIHAT DETAIL GAMBARNYA. <br><br>Macbook Pro Retina 13 inch cover Marble Skin<br><br>cocok banget untuk, profesional business, kantoran dan fashion blogger. karna kesan yg elegant, simple dan classy<br><br>tersedia 2 model : white, darkblue<br>bahan hardcase<br>Logo Berlubang With Cut out).<br>Case Bawah berwarna hitam doff<br><br>di rekomendasikan untuk ke toko, supaya bisa melihat kualitasnya<br><br>FREE KEYBOARD COVER WARNA TRANSPARANT, setiap pembelian case dari MAC COVER<br><br>TERSEDIA JUGA UNTUK :<br>AIR 11 INCH<br>NEW MACBOOK 12 INCH<br>AIR 13 INCH<br>PRO 13 INCH<br>PRO TOUCHBAR/NON TOUCHBAR 13 INCH<br>PRO RETINA 15 INCH<br>PRO TOUCHBAR 15 INCH<br><br>Silahkan PM bagi pembeli yang ingin bertanya lebih lanjut dan ketersediaan stok barang. Terima Kasih<br><br>Lokasi COD Jakarta<br><br>Mangga Dua Mall<br>Jembatan Niaga 2<br>Lt. 2 Blok KJ No. 64 Jakarta Pusat<br><br>COD Hanya di Toko Jam Kerja Mangga Dua Mall<br>Jam 7 Malam keatas di Muara Karang, Pluit &amp; Pantai Indah Kapuk<br>Fast Respons<br><br>087774383308 - sms / WA / Call\n                            </div>'], 'image': [u'https://ecs7.tokopedia.net/img/cache/700/product-1/2018/6/9/170565135/170565135_05f8e51b-e031-4b11-a6d1-ffb1bd07c11e_2048_1365.jpg', u'https://ecs7.tokopedia.net/img/cache/700/product-1/2018/6/9/170565135/170565135_79444a3e-22bd-40c8-9a27-81269468036e_2048_1365.jpg', u'https://ecs7.tokopedia.net/img/cache/700/product-1/2018/6/9/170565135/170565135_f85fbe8f-3ecb-4cbb-8ed9-d6e74fca0221_2048_1365.jpg', u'https://ecs7.tokopedia.net/img/cache/700/product-1/2018/6/9/170565135/170565135_0d5e4a0d-e27c-42a6-b356-618c77647641_864_576.jpg'], 'title': [u'macbook mac book Pro Retina 13 inch cover hard case Marble Marmer skin']}
2018-10-24 09:13:24 [scrapy] INFO: Closing spider (finished)
2018-10-24 09:13:24 [scrapy] INFO: Dumping Scrapy stats:
{'downloader/request_bytes': 623,
 'downloader/request_count': 2,
 'downloader/request_method_count/GET': 2,
 'downloader/response_bytes': 29571,
 'downloader/response_count': 2,
 'downloader/response_status_count/200': 2,
 'finish_reason': 'finished',
 'finish_time': datetime.datetime(2018, 10, 24, 2, 13, 24, 760146),
 'item_scraped_count': 1,
 'log_count/DEBUG': 3,
 'log_count/INFO': 6,
 'memusage/max': 63598592,
 'memusage/startup': 63598592,
 'response_received_count': 2,
 'scheduler/dequeued': 1,
 'scheduler/dequeued/memory': 1,
 'scheduler/enqueued': 1,
 'scheduler/enqueued/memory': 1,
 'start_time': datetime.datetime(2018, 10, 24, 2, 13, 23, 676502)}
2018-10-24 09:13:24 [scrapy] INFO: Spider closed (finished)
