2018-10-23 20:51:50 [scrapy] DEBUG: Crawled (200) <GET https://www.tokopedia.com/robots.txt> (referer: None)
2018-10-23 20:54:50 [scrapy] DEBUG: Retrying <GET https://www.tokopedia.com/chocoapple/new-iphone-xs-max-256gb-gold-garansi-apple-1-tahun?src=topads> (failed 1 times): User timeout caused connection failure: Getting https://www.tokopedia.com/chocoapple/new-iphone-xs-max-256gb-gold-garansi-apple-1-tahun?src=topads took longer than 180.0 seconds..
2018-10-23 20:55:07 [scrapy] DEBUG: Crawled (200) <GET https://www.tokopedia.com/chocoapple/new-iphone-xs-max-256gb-gold-garansi-apple-1-tahun?src=topads> (referer: None)
2018-10-23 20:55:07 [scrapy] DEBUG: Scraped from <200 https://www.tokopedia.com/chocoapple/new-iphone-xs-max-256gb-gold-garansi-apple-1-tahun?src=topads>
{'price': [u'21850000'], 'description': [u'<div id="info" class="tab-pane fade product-summary__content in active" itemprop="description">\n                                KENAPA HARUS BELI SAMA Choco Apple?<br>1. TRUSTED SELLER<br>bukan cuma seller musiman yang setelah barang jualannya laku trus menghilang entah kemana.<br>2. BARANG DIJAMIN BRAND NEW IN BOX + SEGEL<br>3. MENERIMA TRANSAKSI VIA TOKOPEDIA<br>4. CLAIM GARANSI KAMI BANTU<br><br>**** BACA INI SEBELUM MEMBELI ****<br>- Barang Asli dari Apple Store<br>- Barang New BNIB SEGEL<br>- iPhone Factory unlock (FU), bisa semua simcard indo<br>- Warranty Apple 1 Tahun, Bisa bantu Claim garansi<br><br><br>FOR FAST RESPONSE, PLEASE CONTACT:<br>CALL/SMS: 085711701166/081213259458<br>NO PIN BB / TIDAK MEMAKAI BBM<br>NO LINE<br>NO WA\n                            </div>'], 'image': [u'https://ecs7.tokopedia.net/img/cache/700/product-1/2018/9/22/5138814/5138814_25eacf45-e3c2-4b6c-99b4-ecc741b0a32e_565_700.jpg', u'https://ecs7.tokopedia.net/img/cache/700/product-1/2018/9/22/5138814/5138814_c13467ae-6d55-403c-83bf-9f1c0815f856_903_700.jpg', u'https://ecs7.tokopedia.net/img/cache/700/product-1/2018/9/22/5138814/5138814_ed27a676-a55a-4794-8a4d-8598be7ff0b4_559_700.jpg'], 'title': [u'NEW iPhone XS Max 256GB Gold Garansi Apple 1 Tahun']}
2018-10-23 20:55:07 [scrapy] INFO: Closing spider (finished)
2018-10-23 20:55:07 [scrapy] INFO: Dumping Scrapy stats:
{'downloader/exception_count': 1,
 'downloader/exception_type_count/twisted.internet.error.TimeoutError': 1,
 'downloader/request_bytes': 802,
 'downloader/request_count': 3,
 'downloader/request_method_count/GET': 3,
 'downloader/response_bytes': 30055,
 'downloader/response_count': 2,
 'downloader/response_status_count/200': 2,
 'finish_reason': 'finished',
 'finish_time': datetime.datetime(2018, 10, 23, 13, 55, 7, 309307),
 'item_scraped_count': 1,
 'log_count/DEBUG': 4,
 'log_count/INFO': 6,
 'memusage/max': 55222272,
 'memusage/startup': 55222272,
 'response_received_count': 2,
 'retry/count': 1,
 'retry/reason_count/twisted.internet.error.TimeoutError': 1,
 'scheduler/dequeued': 2,
 'scheduler/dequeued/memory': 2,
 'scheduler/enqueued': 2,
 'scheduler/enqueued/memory': 2,
 'start_time': datetime.datetime(2018, 10, 23, 13, 51, 45, 903245)}
2018-10-23 20:55:07 [scrapy] INFO: Spider closed (finished)
