2018-10-04 21:22:32 [scrapy] DEBUG: Crawled (200) <GET https://www.tokopedia.com/robots.txt> (referer: None)
2018-10-04 21:22:32 [scrapy] DEBUG: Crawled (200) <GET https://www.tokopedia.com/zavinamac/original-45w-magsafe-1-power-adapter-for-mac-book-air-l-type> (referer: None)
2018-10-04 21:22:32 [scrapy] DEBUG: Scraped from <200 https://www.tokopedia.com/zavinamac/original-45w-magsafe-1-power-adapter-for-mac-book-air-l-type>
{'price': [u'600000'], 'description': [u'<div id="info" class="tab-pane fade product-summary__content in active" itemprop="description">\n                                Dijual Tanpa AC Plug<br>Wihout Apple Box<br>Brand Name: For Macbook<br>Package: Yes<br>Compatible Brand: For Apple<br>Model Number:45W MagSafe<br>Output Current:3.1A<br>Output Voltage:14.5V<br>Power:45W<br>DC plug type:Magsafe 1<br>Usage:Laptop Charger<br>Charger properties:Original and New<br>Warranty:30 days\n                            </div>'], 'image': [u'https://ecs7.tokopedia.net/img/cache/700/product-1/2017/7/23/7154709/7154709_09692484-d6b0-4a4a-9e13-33c6d01daab1_600_600.jpg', u'https://ecs7.tokopedia.net/img/cache/700/product-1/2017/7/23/7154709/7154709_d6e55d9c-0be2-4753-a490-b2faafbdc850_600_600.jpg', u'https://ecs7.tokopedia.net/img/cache/700/product-1/2017/7/23/7154709/7154709_2f48454b-f82c-41d8-8772-75944ab32c72_600_600.jpg', u'https://ecs7.tokopedia.net/img/cache/700/product-1/2017/7/23/7154709/7154709_79e78f71-d62b-403e-88d3-d667cde7f1bd_600_600.jpg'], 'title': [u'Original 45W Magsafe 1 Power Adapter For Mac Book Air L Type']}
2018-10-04 21:22:32 [scrapy] INFO: Closing spider (finished)
2018-10-04 21:22:32 [scrapy] INFO: Dumping Scrapy stats:
{'downloader/request_bytes': 512,
 'downloader/request_count': 2,
 'downloader/request_method_count/GET': 2,
 'downloader/response_bytes': 28364,
 'downloader/response_count': 2,
 'downloader/response_status_count/200': 2,
 'finish_reason': 'finished',
 'finish_time': datetime.datetime(2018, 10, 4, 14, 22, 32, 714541),
 'item_scraped_count': 1,
 'log_count/DEBUG': 3,
 'log_count/INFO': 6,
 'memusage/max': 51474432,
 'memusage/startup': 51474432,
 'response_received_count': 2,
 'scheduler/dequeued': 1,
 'scheduler/dequeued/memory': 1,
 'scheduler/enqueued': 1,
 'scheduler/enqueued/memory': 1,
 'start_time': datetime.datetime(2018, 10, 4, 14, 22, 31, 876669)}
2018-10-04 21:22:32 [scrapy] INFO: Spider closed (finished)
