2018-10-04 21:21:23 [scrapy] DEBUG: Crawled (404) <GET http://example.com/robots.txt> (referer: None)
2018-10-04 21:21:24 [scrapy] DEBUG: Crawled (200) <GET http://example.com> (referer: None)
2018-10-04 21:21:24 [scrapy] DEBUG: Scraped from <200 http://example.com>
{'price': [], 'description': [], 'image': [], 'title': []}
2018-10-04 21:21:24 [scrapy] INFO: Closing spider (finished)
2018-10-04 21:21:24 [scrapy] INFO: Dumping Scrapy stats:
{'downloader/request_bytes': 430,
 'downloader/request_count': 2,
 'downloader/request_method_count/GET': 2,
 'downloader/response_bytes': 1861,
 'downloader/response_count': 2,
 'downloader/response_status_count/200': 1,
 'downloader/response_status_count/404': 1,
 'finish_reason': 'finished',
 'finish_time': datetime.datetime(2018, 10, 4, 14, 21, 24, 288807),
 'item_scraped_count': 1,
 'log_count/DEBUG': 3,
 'log_count/INFO': 6,
 'memusage/max': 49844224,
 'memusage/startup': 49844224,
 'response_received_count': 2,
 'scheduler/dequeued': 1,
 'scheduler/dequeued/memory': 1,
 'scheduler/enqueued': 1,
 'scheduler/enqueued/memory': 1,
 'start_time': datetime.datetime(2018, 10, 4, 14, 21, 23, 209387)}
2018-10-04 21:21:24 [scrapy] INFO: Spider closed (finished)
