2018-10-05 16:46:11 [scrapy] DEBUG: Crawled (200) <GET https://www.tokopedia.com/robots.txt> (referer: None)
2018-10-05 16:46:11 [scrapy] DEBUG: Crawled (200) <GET https://www.tokopedia.com/luxolite-sg/jam-tangan-pria-casio-mrw-200h-7bv?trkid=f=P0Cb0_src=sprint-sale_page=1_ob=17_catid=1873> (referer: None)
2018-10-05 16:46:11 [scrapy] DEBUG: Scraped from <200 https://www.tokopedia.com/luxolite-sg/jam-tangan-pria-casio-mrw-200h-7bv?trkid=f=P0Cb0_src=sprint-sale_page=1_ob=17_catid=1873>
{'price': [u'248820'], 'description': [u'<div id="info" class="tab-pane fade product-summary__content in active" itemprop="description">\n                                Display Type : Analog<br>Clasp : Buckle<br>Case material : Resin<br>Case diameter : 43 millimeters<br>Case Thickness : 12 millimeters<br>Band Material : Resin<br>Band length : Men\'s Standard<br>Band width : 18 millimeters<br>Band Color : Black<br>Dial color : White<br>Bezel material : Resin<br>Bezel function" : Bidirectional<br>Special features : measures-seconds<br>Movement" : Quartz<br>Water resistant depth : 330 Feet\n                            </div>'], 'image': [u'https://ecs7.tokopedia.net/img/cache/700/product-1/2017/9/29/18502692/18502692_de92c262-ca52-48cb-9709-e93af4184697_600_600.jpg'], 'title': [u'Jam Tangan Pria Casio MRW-200H-7BV']}
2018-10-05 16:46:11 [scrapy] INFO: Closing spider (finished)
2018-10-05 16:46:11 [scrapy] INFO: Dumping Scrapy stats:
{'downloader/request_bytes': 542,
 'downloader/request_count': 2,
 'downloader/request_method_count/GET': 2,
 'downloader/response_bytes': 27402,
 'downloader/response_count': 2,
 'downloader/response_status_count/200': 2,
 'finish_reason': 'finished',
 'finish_time': datetime.datetime(2018, 10, 5, 9, 46, 11, 628121),
 'item_scraped_count': 1,
 'log_count/DEBUG': 3,
 'log_count/INFO': 6,
 'memusage/max': 54837248,
 'memusage/startup': 54837248,
 'response_received_count': 2,
 'scheduler/dequeued': 1,
 'scheduler/dequeued/memory': 1,
 'scheduler/enqueued': 1,
 'scheduler/enqueued/memory': 1,
 'start_time': datetime.datetime(2018, 10, 5, 9, 46, 10, 134226)}
2018-10-05 16:46:11 [scrapy] INFO: Spider closed (finished)
