2018-10-04 20:18:27 [scrapy] DEBUG: Crawled (200) <GET https://www.tokopedia.com/robots.txt> (referer: None)
2018-10-04 20:18:27 [scrapy] DEBUG: Crawled (200) <GET https://www.tokopedia.com/toko-kamu/apple-new-imac-2017-27-inch-5k-mne92-garansi-internasional?src=topads> (referer: None)
2018-10-04 20:18:27 [scrapy] DEBUG: Scraped from <200 https://www.tokopedia.com/toko-kamu/apple-new-imac-2017-27-inch-5k-mne92-garansi-internasional?src=topads>
{'price': [u'25100000'], 'description': [u'<div id="info" class="tab-pane fade product-summary__content in active" itemprop="description">\n                                Apple New iMac 2017<br>Model :<br>MNE92<br><br>Spec :<br>27 inch - 5K - 3.4Ghz - i5 <br>Ram : 8 Gb<br>Memory : 1 Tb<br>Kondisi : Segel <br>Garansi : Resmi Apple Internasional\n                            </div>'], 'image': [u'https://ecs7.tokopedia.net/img/cache/700/product-1/2018/2/22/3764853/3764853_a2ed877c-4265-4eed-bb19-1a36dd4895ab_651_782.jpg'], 'title': [u'Apple New IMac 2017 - 27 Inch - 5K - MNE92 - Garansi Internasional']}
2018-10-04 20:18:27 [scrapy] INFO: Closing spider (finished)
2018-10-04 20:18:27 [scrapy] INFO: Dumping Scrapy stats:
{'downloader/request_bytes': 521,
 'downloader/request_count': 2,
 'downloader/request_method_count/GET': 2,
 'downloader/response_bytes': 28314,
 'downloader/response_count': 2,
 'downloader/response_status_count/200': 2,
 'finish_reason': 'finished',
 'finish_time': datetime.datetime(2018, 10, 4, 13, 18, 27, 687499),
 'item_scraped_count': 1,
 'log_count/DEBUG': 3,
 'log_count/INFO': 6,
 'memusage/max': 54435840,
 'memusage/startup': 54435840,
 'response_received_count': 2,
 'scheduler/dequeued': 1,
 'scheduler/dequeued/memory': 1,
 'scheduler/enqueued': 1,
 'scheduler/enqueued/memory': 1,
 'start_time': datetime.datetime(2018, 10, 4, 13, 18, 26, 962337)}
2018-10-04 20:18:27 [scrapy] INFO: Spider closed (finished)
