2018-10-04 20:08:52 [scrapy] DEBUG: Crawled (200) <GET https://www.tokopedia.com/robots.txt> (referer: None)
2018-10-04 20:08:53 [scrapy] DEBUG: Crawled (200) <GET https://www.tokopedia.com/toko-kamu/apple-new-imac-2017-21-inch-mne02-garansi-internasional> (referer: None)
2018-10-04 20:08:53 [scrapy] DEBUG: Scraped from <200 https://www.tokopedia.com/toko-kamu/apple-new-imac-2017-21-inch-mne02-garansi-internasional>
{'price': [u'21150000'], 'description': [u'<div id="info" class="tab-pane fade product-summary__content in active" itemprop="description">\n                                Apple New iMac 2017<br>Model :<br>MNE02<br><br>Spec :<br>21 inch - 4K - 3.4Ghz - i5 <br>Ram : 8 Gb<br>Memory : 1 Tb<br>Kondisi : Segel <br>Garansi : Resmi Apple Internasional\n                            </div>'], 'image': [u'https://ecs7.tokopedia.net/img/cache/700/product-1/2018/2/22/3764853/3764853_904cd562-5616-4728-bc4c-6f55af90d2d2_800_600.jpg'], 'title': [u'Apple New IMac 2017 - 21 Inch - MNE02 - Garansi Internasional']}
2018-10-04 20:08:53 [scrapy] INFO: Closing spider (finished)
2018-10-04 20:08:53 [scrapy] INFO: Dumping Scrapy stats:
{'downloader/request_bytes': 507,
 'downloader/request_count': 2,
 'downloader/request_method_count/GET': 2,
 'downloader/response_bytes': 28199,
 'downloader/response_count': 2,
 'downloader/response_status_count/200': 2,
 'finish_reason': 'finished',
 'finish_time': datetime.datetime(2018, 10, 4, 13, 8, 53, 158452),
 'item_scraped_count': 1,
 'log_count/DEBUG': 3,
 'log_count/INFO': 6,
 'memusage/max': 54411264,
 'memusage/startup': 54411264,
 'response_received_count': 2,
 'scheduler/dequeued': 1,
 'scheduler/dequeued/memory': 1,
 'scheduler/enqueued': 1,
 'scheduler/enqueued/memory': 1,
 'start_time': datetime.datetime(2018, 10, 4, 13, 8, 52, 47614)}
2018-10-04 20:08:53 [scrapy] INFO: Spider closed (finished)
