2018-10-05 20:52:23 [scrapy] DEBUG: Crawled (200) <GET https://www.bukalapak.com/robots.txt> (referer: None)
2018-10-05 20:52:25 [scrapy] DEBUG: Crawled (200) <GET https://www.bukalapak.com/p/fashion-pria/jam-tangan-171/1psev4-jual-jam-tangan-pria-dan-wanita-casio-mq-24-1b3-original> (referer: None)
2018-10-05 20:52:25 [scrapy] DEBUG: Scraped from <200 https://www.bukalapak.com/p/fashion-pria/jam-tangan-171/1psev4-jual-jam-tangan-pria-dan-wanita-casio-mq-24-1b3-original>
{'price': [], 'description': [], 'image': [], 'title': []}
2018-10-05 20:52:25 [scrapy] INFO: Closing spider (finished)
2018-10-05 20:52:25 [scrapy] INFO: Dumping Scrapy stats:
{'downloader/request_bytes': 977,
 'downloader/request_count': 2,
 'downloader/request_method_count/GET': 2,
 'downloader/response_bytes': 40051,
 'downloader/response_count': 2,
 'downloader/response_status_count/200': 2,
 'finish_reason': 'finished',
 'finish_time': datetime.datetime(2018, 10, 5, 13, 52, 25, 464872),
 'item_scraped_count': 1,
 'log_count/DEBUG': 3,
 'log_count/INFO': 6,
 'memusage/max': 49594368,
 'memusage/startup': 49590272,
 'response_received_count': 2,
 'scheduler/dequeued': 1,
 'scheduler/dequeued/memory': 1,
 'scheduler/enqueued': 1,
 'scheduler/enqueued/memory': 1,
 'start_time': datetime.datetime(2018, 10, 5, 13, 52, 23, 83038)}
2018-10-05 20:52:25 [scrapy] INFO: Spider closed (finished)
