2018-10-05 20:51:44 [scrapy] DEBUG: Crawled (200) <GET https://www.bukalapak.com/robots.txt> (referer: None)
2018-10-05 20:51:45 [scrapy] DEBUG: Crawled (200) <GET https://www.bukalapak.com/p/fashion-pria/jam-tangan-171/1psev4-jual-jam-tangan-pria-dan-wanita-casio-mq-24-1b3-original> (referer: None)
2018-10-05 20:51:46 [scrapy] ERROR: Spider error processing <GET https://www.bukalapak.com/p/fashion-pria/jam-tangan-171/1psev4-jual-jam-tangan-pria-dan-wanita-casio-mq-24-1b3-original> (referer: None)
Traceback (most recent call last):
  File "/anaconda2/lib/python2.7/site-packages/scrapy/utils/defer.py", line 102, in iter_errback
    yield next(it)
  File "/anaconda2/lib/python2.7/site-packages/scrapy/spidermiddlewares/offsite.py", line 30, in process_spider_output
    for x in result:
  File "/anaconda2/lib/python2.7/site-packages/scrapy/spidermiddlewares/referer.py", line 339, in <genexpr>
    return (_set_referer(r) for r in result or ())
  File "/anaconda2/lib/python2.7/site-packages/scrapy/spidermiddlewares/urllength.py", line 37, in <genexpr>
    return (r for r in result or () if _filter(r))
  File "/anaconda2/lib/python2.7/site-packages/scrapy/spidermiddlewares/depth.py", line 58, in <genexpr>
    return (r for r in result or () if _filter(r))
  File "/Users/karunia/python/scrapy/tutorial/tutorial/spiders/Bl.py", line 9, in parse
    'title': response.xpath("//[@class='c-product-detail__name']/text()").extract(),
  File "/anaconda2/lib/python2.7/site-packages/scrapy/http/response/text.py", line 119, in xpath
    return self.selector.xpath(query, **kwargs)
  File "/anaconda2/lib/python2.7/site-packages/parsel/selector.py", line 242, in xpath
    six.reraise(ValueError, ValueError(msg), sys.exc_info()[2])
  File "/anaconda2/lib/python2.7/site-packages/parsel/selector.py", line 238, in xpath
    **kwargs)
  File "src/lxml/etree.pyx", line 1577, in lxml.etree._Element.xpath
  File "src/lxml/xpath.pxi", line 307, in lxml.etree.XPathElementEvaluator.__call__
  File "src/lxml/xpath.pxi", line 227, in lxml.etree._XPathEvaluatorBase._handle_result
ValueError: XPath error: Invalid expression in //[@class='c-product-detail__name qa-pd-name']/text()
2018-10-05 20:51:46 [scrapy] INFO: Closing spider (finished)
2018-10-05 20:51:46 [scrapy] INFO: Dumping Scrapy stats:
{'downloader/request_bytes': 977,
 'downloader/request_count': 2,
 'downloader/request_method_count/GET': 2,
 'downloader/response_bytes': 28267,
 'downloader/response_count': 2,
 'downloader/response_status_count/200': 2,
 'finish_reason': 'finished',
 'finish_time': datetime.datetime(2018, 10, 5, 13, 51, 46, 74893),
 'log_count/DEBUG': 2,
 'log_count/ERROR': 1,
 'log_count/INFO': 6,
 'memusage/max': 53698560,
 'memusage/startup': 53686272,
 'response_received_count': 2,
 'scheduler/dequeued': 1,
 'scheduler/dequeued/memory': 1,
 'scheduler/enqueued': 1,
 'scheduler/enqueued/memory': 1,
 'spider_exceptions/ValueError': 1,
 'start_time': datetime.datetime(2018, 10, 5, 13, 51, 42, 992207)}
2018-10-05 20:51:46 [scrapy] INFO: Spider closed (finished)
